 16-05-2023 21:01:41:817 [pid=278545 tid=278545] NOTICE  cufio-drv:705 running in compatible mode
 16-05-2023 21:02:58:395 [pid=280787 tid=280787] NOTICE  cufio-drv:705 running in compatible mode
 16-05-2023 21:04:04:547 [pid=282615 tid=282615] NOTICE  cufio-drv:705 running in compatible mode
 16-05-2023 21:04:49:681 [pid=283996 tid=283996] NOTICE  cufio-drv:705 running in compatible mode
 16-05-2023 21:05:54:411 [pid=285755 tid=285755] NOTICE  cufio-drv:705 running in compatible mode
 16-05-2023 21:06:26:98 [pid=286846 tid=286846] NOTICE  cufio-drv:705 running in compatible mode
 16-05-2023 21:06:48:294 [pid=287573 tid=287573] NOTICE  cufio-drv:705 running in compatible mode
 16-05-2023 21:09:09:683 [pid=291801 tid=291801] NOTICE  cufio-drv:705 running in compatible mode
 16-05-2023 21:11:05:270 [pid=295350 tid=295350] NOTICE  cufio-drv:705 running in compatible mode
 16-05-2023 21:12:28:336 [pid=298089 tid=298089] NOTICE  cufio-drv:705 running in compatible mode
 16-05-2023 21:13:20:720 [pid=299684 tid=299684] NOTICE  cufio-drv:705 running in compatible mode
 16-05-2023 21:13:52:135 [pid=300645 tid=300645] NOTICE  cufio-drv:705 running in compatible mode
 16-05-2023 21:14:27:702 [pid=301672 tid=301672] NOTICE  cufio-drv:705 running in compatible mode
 16-05-2023 21:15:10:379 [pid=303340 tid=303340] NOTICE  cufio-drv:705 running in compatible mode
 16-05-2023 21:15:44:621 [pid=304589 tid=304589] NOTICE  cufio-drv:705 running in compatible mode
 16-05-2023 21:18:41:620 [pid=309973 tid=309973] NOTICE  cufio-drv:705 running in compatible mode
 16-05-2023 21:19:19:240 [pid=311331 tid=311331] NOTICE  cufio-drv:705 running in compatible mode
 16-05-2023 21:20:32:113 [pid=313699 tid=313699] NOTICE  cufio-drv:705 running in compatible mode
 16-05-2023 21:21:04:943 [pid=314850 tid=314850] NOTICE  cufio-drv:705 running in compatible mode
 16-05-2023 21:21:38:672 [pid=316034 tid=316034] NOTICE  cufio-drv:705 running in compatible mode
 16-05-2023 21:22:07:964 [pid=317140 tid=317140] NOTICE  cufio-drv:705 running in compatible mode
 16-05-2023 21:27:24:950 [pid=325356 tid=325356] NOTICE  cufio-drv:705 running in compatible mode
 16-05-2023 21:31:27:484 [pid=328197 tid=328197] NOTICE  cufio-drv:705 running in compatible mode
 16-05-2023 21:36:11:132 [pid=333137 tid=333137] NOTICE  cufio-drv:705 running in compatible mode
 16-05-2023 21:37:01:316 [pid=334105 tid=334105] NOTICE  cufio-drv:705 running in compatible mode
 16-05-2023 21:37:30:595 [pid=334777 tid=334777] NOTICE  cufio-drv:705 running in compatible mode
 16-05-2023 21:57:18:671 [pid=357676 tid=357676] NOTICE  cufio-drv:705 running in compatible mode
 16-05-2023 22:02:23:670 [pid=366559 tid=366559] NOTICE  cufio-drv:705 running in compatible mode
 16-05-2023 22:04:57:429 [pid=371058 tid=371058] NOTICE  cufio-drv:705 running in compatible mode
 16-05-2023 22:05:46:663 [pid=372701 tid=372701] NOTICE  cufio-drv:705 running in compatible mode
 16-05-2023 22:11:33:215 [pid=384904 tid=384904] NOTICE  cufio-drv:705 running in compatible mode
 16-05-2023 22:14:34:176 [pid=390411 tid=390411] NOTICE  cufio-drv:705 running in compatible mode
 16-05-2023 22:19:18:386 [pid=398952 tid=398952] NOTICE  cufio-drv:705 running in compatible mode
 16-05-2023 22:21:07:320 [pid=402026 tid=402026] NOTICE  cufio-drv:705 running in compatible mode
 16-05-2023 22:25:39:275 [pid=409497 tid=409497] NOTICE  cufio-drv:705 running in compatible mode
 16-05-2023 22:26:14:337 [pid=410533 tid=410533] NOTICE  cufio-drv:705 running in compatible mode
 16-05-2023 22:26:24:540 [pid=411043 tid=411043] NOTICE  cufio-drv:705 running in compatible mode
 16-05-2023 22:41:15:729 [pid=438751 tid=438751] NOTICE  cufio-drv:705 running in compatible mode
 16-05-2023 22:42:29:597 [pid=441205 tid=441205] NOTICE  cufio-drv:705 running in compatible mode
 16-05-2023 22:43:24:159 [pid=442541 tid=442541] NOTICE  cufio-drv:705 running in compatible mode
 16-05-2023 22:43:35:771 [pid=442794 tid=442794] NOTICE  cufio-drv:705 running in compatible mode
 16-05-2023 22:44:03:425 [pid=443064 tid=443064] NOTICE  cufio-drv:705 running in compatible mode
 16-05-2023 22:57:42:203 [pid=447423 tid=447423] NOTICE  cufio-drv:705 running in compatible mode
 16-05-2023 22:58:11:335 [pid=447867 tid=447867] NOTICE  cufio-drv:705 running in compatible mode
 16-05-2023 22:58:25:82 [pid=448088 tid=448088] NOTICE  cufio-drv:705 running in compatible mode
 16-05-2023 23:00:04:164 [pid=448878 tid=448878] NOTICE  cufio-drv:705 running in compatible mode
 16-05-2023 23:00:45:158 [pid=449409 tid=449409] NOTICE  cufio-drv:705 running in compatible mode
 16-05-2023 23:00:48:683 [pid=449456 tid=449456] NOTICE  cufio-drv:705 running in compatible mode
 16-05-2023 23:01:20:300 [pid=449980 tid=449980] NOTICE  cufio-drv:705 running in compatible mode
 16-05-2023 23:01:48:896 [pid=450357 tid=450357] NOTICE  cufio-drv:705 running in compatible mode
 17-05-2023 15:52:05:34 [pid=790572 tid=790572] NOTICE  cufio-drv:705 running in compatible mode
 17-05-2023 15:53:51:688 [pid=791360 tid=791360] NOTICE  cufio-drv:705 running in compatible mode
 17-05-2023 16:50:11:639 [pid=808916 tid=808916] NOTICE  cufio-drv:705 running in compatible mode
 17-05-2023 16:51:54:167 [pid=809544 tid=809544] NOTICE  cufio-drv:705 running in compatible mode
 18-05-2023 00:32:22:329 [pid=1020326 tid=1020326] NOTICE  cufio-drv:705 running in compatible mode
 18-05-2023 00:32:38:335 [pid=1020565 tid=1020565] NOTICE  cufio-drv:705 running in compatible mode
 18-05-2023 13:43:23:911 [pid=1289701 tid=1289701] NOTICE  cufio-drv:705 running in compatible mode
 18-05-2023 14:08:56:999 [pid=1298236 tid=1298236] NOTICE  cufio-drv:705 running in compatible mode
 18-05-2023 14:09:32:342 [pid=1298520 tid=1298520] NOTICE  cufio-drv:705 running in compatible mode
 18-05-2023 14:10:08:244 [pid=1298917 tid=1298917] NOTICE  cufio-drv:705 running in compatible mode
 18-05-2023 14:10:53:516 [pid=1299348 tid=1299348] NOTICE  cufio-drv:705 running in compatible mode
 18-05-2023 14:11:28:667 [pid=1299807 tid=1299807] NOTICE  cufio-drv:705 running in compatible mode
 18-05-2023 14:24:35:840 [pid=1304342 tid=1304342] NOTICE  cufio-drv:705 running in compatible mode
 18-05-2023 14:42:24:404 [pid=1322165 tid=1322165] NOTICE  cufio-drv:705 running in compatible mode
 18-05-2023 14:44:45:835 [pid=1325002 tid=1325002] NOTICE  cufio-drv:705 running in compatible mode
 18-05-2023 14:46:49:21 [pid=1326754 tid=1326754] NOTICE  cufio-drv:705 running in compatible mode
 18-05-2023 14:48:57:583 [pid=1329073 tid=1329073] NOTICE  cufio-drv:705 running in compatible mode
 18-05-2023 14:53:26:307 [pid=1334176 tid=1334176] NOTICE  cufio-drv:705 running in compatible mode
 18-05-2023 14:54:01:179 [pid=1334970 tid=1334970] NOTICE  cufio-drv:705 running in compatible mode
 18-05-2023 14:54:52:630 [pid=1335505 tid=1335505] NOTICE  cufio-drv:705 running in compatible mode
 18-05-2023 14:56:28:463 [pid=1336421 tid=1336421] NOTICE  cufio-drv:705 running in compatible mode
 18-05-2023 14:59:07:528 [pid=1337697 tid=1337697] NOTICE  cufio-drv:705 running in compatible mode
 18-05-2023 15:03:05:259 [pid=1339816 tid=1339816] NOTICE  cufio-drv:705 running in compatible mode
 18-05-2023 15:03:55:282 [pid=1340332 tid=1340332] NOTICE  cufio-drv:705 running in compatible mode
 18-05-2023 15:04:24:254 [pid=1340727 tid=1340727] NOTICE  cufio-drv:705 running in compatible mode
 18-05-2023 15:06:12:987 [pid=1341795 tid=1341795] NOTICE  cufio-drv:705 running in compatible mode
 18-05-2023 15:06:25:194 [pid=1341983 tid=1341983] NOTICE  cufio-drv:705 running in compatible mode
 18-05-2023 16:12:43:78 [pid=1386664 tid=1386664] NOTICE  cufio-drv:705 running in compatible mode
 18-05-2023 16:18:20:436 [pid=1389965 tid=1389965] NOTICE  cufio-drv:705 running in compatible mode
 18-05-2023 16:18:20:437 [pid=1389968 tid=1389968] NOTICE  cufio-drv:705 running in compatible mode
 18-05-2023 16:18:20:443 [pid=1389967 tid=1389967] NOTICE  cufio-drv:705 running in compatible mode
 18-05-2023 16:18:20:443 [pid=1389963 tid=1389963] NOTICE  cufio-drv:705 running in compatible mode
 18-05-2023 16:18:20:460 [pid=1389961 tid=1389961] NOTICE  cufio-drv:705 running in compatible mode
 18-05-2023 16:18:20:460 [pid=1389966 tid=1389966] NOTICE  cufio-drv:705 running in compatible mode
 18-05-2023 16:18:20:465 [pid=1389962 tid=1389962] NOTICE  cufio-drv:705 running in compatible mode
 18-05-2023 16:18:20:473 [pid=1389960 tid=1389960] NOTICE  cufio-drv:705 running in compatible mode
 18-05-2023 16:18:20:475 [pid=1389964 tid=1389964] NOTICE  cufio-drv:705 running in compatible mode
 18-05-2023 16:18:20:586 [pid=1389959 tid=1389959] NOTICE  cufio-drv:705 running in compatible mode
 18-05-2023 16:28:19:508 [pid=1396739 tid=1396739] NOTICE  cufio-drv:705 running in compatible mode
 18-05-2023 16:31:09:891 [pid=1400050 tid=1400050] NOTICE  cufio-drv:705 running in compatible mode
 18-05-2023 17:17:06:102 [pid=1429834 tid=1429834] NOTICE  cufio-drv:705 running in compatible mode
 18-05-2023 17:17:11:277 [pid=1429887 tid=1429887] NOTICE  cufio-drv:705 running in compatible mode
 18-05-2023 17:18:39:759 [pid=1430413 tid=1430413] NOTICE  cufio-drv:705 running in compatible mode
 18-05-2023 17:18:44:519 [pid=1430463 tid=1430463] NOTICE  cufio-drv:705 running in compatible mode
 18-05-2023 17:18:49:271 [pid=1430522 tid=1430522] NOTICE  cufio-drv:705 running in compatible mode
 18-05-2023 17:18:56:745 [pid=1430590 tid=1430590] NOTICE  cufio-drv:705 running in compatible mode
 18-05-2023 17:31:01:734 [pid=1434764 tid=1434764] NOTICE  cufio-drv:705 running in compatible mode
 18-05-2023 17:54:33:240 [pid=1442117 tid=1442117] NOTICE  cufio-drv:705 running in compatible mode
 18-05-2023 18:50:23:140 [pid=1459360 tid=1459360] NOTICE  cufio-drv:705 running in compatible mode
 18-05-2023 19:24:01:56 [pid=1498735 tid=1498735] NOTICE  cufio-drv:705 running in compatible mode
 18-05-2023 19:42:44:822 [pid=1527959 tid=1527959] NOTICE  cufio-drv:705 running in compatible mode
 18-05-2023 20:19:41:662 [pid=1548563 tid=1548563] NOTICE  cufio-drv:705 running in compatible mode
 18-05-2023 21:22:27:903 [pid=1571908 tid=1571908] NOTICE  cufio-drv:705 running in compatible mode
 18-05-2023 21:22:49:751 [pid=1572142 tid=1572142] NOTICE  cufio-drv:705 running in compatible mode
 18-05-2023 21:23:12:559 [pid=1572403 tid=1572403] NOTICE  cufio-drv:705 running in compatible mode
 18-05-2023 21:23:32:602 [pid=1572630 tid=1572630] NOTICE  cufio-drv:705 running in compatible mode
 18-05-2023 21:23:56:487 [pid=1572909 tid=1572909] NOTICE  cufio-drv:705 running in compatible mode
 18-05-2023 21:24:15:633 [pid=1573136 tid=1573136] NOTICE  cufio-drv:705 running in compatible mode
 18-05-2023 21:27:57:260 [pid=1574551 tid=1574551] NOTICE  cufio-drv:705 running in compatible mode
 18-05-2023 21:32:02:987 [pid=1575992 tid=1575992] NOTICE  cufio-drv:705 running in compatible mode
 18-05-2023 21:34:59:630 [pid=1577126 tid=1577126] NOTICE  cufio-drv:705 running in compatible mode
 18-05-2023 21:37:25:195 [pid=1578022 tid=1578022] NOTICE  cufio-drv:705 running in compatible mode
 18-05-2023 22:58:22:255 [pid=1612937 tid=1612937] NOTICE  cufio-drv:705 running in compatible mode
 18-05-2023 22:59:53:774 [pid=1613883 tid=1613883] NOTICE  cufio-drv:705 running in compatible mode
 18-05-2023 23:18:03:699 [pid=1624330 tid=1624330] NOTICE  cufio-drv:705 running in compatible mode
 19-05-2023 00:17:57:543 [pid=1658322 tid=1658322] NOTICE  cufio-drv:705 running in compatible mode
 19-05-2023 00:39:02:847 [pid=1670278 tid=1670278] NOTICE  cufio-drv:705 running in compatible mode
 19-05-2023 00:55:21:95 [pid=1679376 tid=1679376] NOTICE  cufio-drv:705 running in compatible mode
 19-05-2023 01:36:10:255 [pid=1702714 tid=1702714] NOTICE  cufio-drv:705 running in compatible mode
 19-05-2023 02:15:36:566 [pid=1716462 tid=1716462] NOTICE  cufio-drv:705 running in compatible mode
 19-05-2023 02:32:33:176 [pid=1721808 tid=1721808] NOTICE  cufio-drv:705 running in compatible mode
 19-05-2023 02:52:27:584 [pid=1728139 tid=1728139] NOTICE  cufio-drv:705 running in compatible mode
 19-05-2023 03:51:28:112 [pid=1746722 tid=1746722] NOTICE  cufio-drv:705 running in compatible mode
 19-05-2023 04:07:41:198 [pid=1752016 tid=1752016] NOTICE  cufio-drv:705 running in compatible mode
 19-05-2023 04:10:11:786 [pid=1752945 tid=1752945] NOTICE  cufio-drv:705 running in compatible mode
 19-05-2023 05:25:54:823 [pid=1776771 tid=1776771] NOTICE  cufio-drv:705 running in compatible mode
 19-05-2023 05:43:49:418 [pid=1782306 tid=1782306] NOTICE  cufio-drv:705 running in compatible mode
 19-05-2023 06:39:01:8 [pid=1799468 tid=1799468] NOTICE  cufio-drv:705 running in compatible mode
 19-05-2023 06:57:10:821 [pid=1805337 tid=1805337] NOTICE  cufio-drv:705 running in compatible mode
 19-05-2023 08:10:53:654 [pid=1828475 tid=1828475] NOTICE  cufio-drv:705 running in compatible mode
 19-05-2023 14:14:18:727 [pid=1942345 tid=1942345] NOTICE  cufio-drv:705 running in compatible mode
 19-05-2023 14:15:59:340 [pid=1943076 tid=1943076] NOTICE  cufio-drv:705 running in compatible mode
 19-05-2023 14:19:43:650 [pid=1944634 tid=1944634] NOTICE  cufio-drv:705 running in compatible mode
 19-05-2023 14:25:50:859 [pid=1946774 tid=1946774] NOTICE  cufio-drv:705 running in compatible mode
 19-05-2023 14:25:54:34 [pid=1946827 tid=1946827] NOTICE  cufio-drv:705 running in compatible mode
 19-05-2023 14:32:04:521 [pid=1949087 tid=1949087] NOTICE  cufio-drv:705 running in compatible mode
 19-05-2023 14:33:35:723 [pid=1949715 tid=1949715] NOTICE  cufio-drv:705 running in compatible mode
 19-05-2023 14:46:59:148 [pid=1954401 tid=1954401] NOTICE  cufio-drv:705 running in compatible mode
 19-05-2023 15:00:16:358 [pid=1959596 tid=1959596] NOTICE  cufio-drv:705 running in compatible mode
 19-05-2023 15:13:44:729 [pid=1964167 tid=1964167] NOTICE  cufio-drv:705 running in compatible mode
 19-05-2023 15:27:18:302 [pid=1968440 tid=1968440] NOTICE  cufio-drv:705 running in compatible mode
 19-05-2023 15:27:23:255 [pid=1968494 tid=1968494] NOTICE  cufio-drv:705 running in compatible mode
 19-05-2023 15:40:33:252 [pid=1972772 tid=1972772] NOTICE  cufio-drv:705 running in compatible mode
 19-05-2023 15:42:20:272 [pid=1973468 tid=1973468] NOTICE  cufio-drv:705 running in compatible mode
 19-05-2023 16:05:55:507 [pid=1981527 tid=1981527] NOTICE  cufio-drv:705 running in compatible mode
 19-05-2023 16:20:53:446 [pid=1987020 tid=1987020] NOTICE  cufio-drv:705 running in compatible mode
 19-05-2023 16:34:17:74 [pid=1991820 tid=1991820] NOTICE  cufio-drv:705 running in compatible mode
 19-05-2023 16:47:38:682 [pid=1996731 tid=1996731] NOTICE  cufio-drv:705 running in compatible mode
 19-05-2023 17:01:18:842 [pid=2001624 tid=2001624] NOTICE  cufio-drv:705 running in compatible mode
 19-05-2023 17:14:33:798 [pid=2006261 tid=2006261] NOTICE  cufio-drv:705 running in compatible mode
 19-05-2023 17:27:50:683 [pid=2010864 tid=2010864] NOTICE  cufio-drv:705 running in compatible mode
 19-05-2023 17:41:24:574 [pid=2015622 tid=2015622] NOTICE  cufio-drv:705 running in compatible mode
 19-05-2023 17:54:58:853 [pid=2020289 tid=2020289] NOTICE  cufio-drv:705 running in compatible mode
 19-05-2023 18:08:08:431 [pid=2024849 tid=2024849] NOTICE  cufio-drv:705 running in compatible mode
 19-05-2023 18:21:30:586 [pid=2029458 tid=2029458] NOTICE  cufio-drv:705 running in compatible mode
 19-05-2023 18:35:04:675 [pid=2034379 tid=2034379] NOTICE  cufio-drv:705 running in compatible mode
 19-05-2023 18:48:32:197 [pid=2039098 tid=2039098] NOTICE  cufio-drv:705 running in compatible mode
 19-05-2023 19:01:52:787 [pid=2043739 tid=2043739] NOTICE  cufio-drv:705 running in compatible mode
 19-05-2023 19:15:44:488 [pid=2048805 tid=2048805] NOTICE  cufio-drv:705 running in compatible mode
 19-05-2023 19:29:06:819 [pid=2053524 tid=2053524] NOTICE  cufio-drv:705 running in compatible mode
 19-05-2023 19:42:33:773 [pid=2058383 tid=2058383] NOTICE  cufio-drv:705 running in compatible mode
 19-05-2023 19:56:26:926 [pid=2063342 tid=2063342] NOTICE  cufio-drv:705 running in compatible mode
 19-05-2023 20:10:09:417 [pid=2068433 tid=2068433] NOTICE  cufio-drv:705 running in compatible mode
 19-05-2023 20:23:33:921 [pid=2073636 tid=2073636] NOTICE  cufio-drv:705 running in compatible mode
 19-05-2023 20:37:10:881 [pid=2078885 tid=2078885] NOTICE  cufio-drv:705 running in compatible mode
 19-05-2023 20:50:55:581 [pid=2084312 tid=2084312] NOTICE  cufio-drv:705 running in compatible mode
 19-05-2023 21:04:37:804 [pid=2089838 tid=2089838] NOTICE  cufio-drv:705 running in compatible mode
 19-05-2023 21:18:11:600 [pid=2095366 tid=2095366] NOTICE  cufio-drv:705 running in compatible mode
 19-05-2023 21:32:03:141 [pid=2100364 tid=2100364] NOTICE  cufio-drv:705 running in compatible mode
 19-05-2023 21:45:21:124 [pid=2105059 tid=2105059] NOTICE  cufio-drv:705 running in compatible mode
 19-05-2023 21:58:49:915 [pid=2109914 tid=2109914] NOTICE  cufio-drv:705 running in compatible mode
 19-05-2023 22:12:35:61 [pid=2114901 tid=2114901] NOTICE  cufio-drv:705 running in compatible mode
 19-05-2023 22:26:09:264 [pid=2119644 tid=2119644] NOTICE  cufio-drv:705 running in compatible mode
 19-05-2023 22:39:27:818 [pid=2124417 tid=2124417] NOTICE  cufio-drv:705 running in compatible mode
 19-05-2023 22:53:05:646 [pid=2129277 tid=2129277] NOTICE  cufio-drv:705 running in compatible mode
 19-05-2023 23:06:48:23 [pid=2134265 tid=2134265] NOTICE  cufio-drv:705 running in compatible mode
 19-05-2023 23:20:18:94 [pid=2139005 tid=2139005] NOTICE  cufio-drv:705 running in compatible mode
 19-05-2023 23:33:50:685 [pid=2143935 tid=2143935] NOTICE  cufio-drv:705 running in compatible mode
 19-05-2023 23:47:43:481 [pid=2148894 tid=2148894] NOTICE  cufio-drv:705 running in compatible mode
 20-05-2023 00:01:05:590 [pid=2153715 tid=2153715] NOTICE  cufio-drv:705 running in compatible mode
 20-05-2023 00:14:31:242 [pid=2158587 tid=2158587] NOTICE  cufio-drv:705 running in compatible mode
 20-05-2023 00:28:19:866 [pid=2163534 tid=2163534] NOTICE  cufio-drv:705 running in compatible mode
 20-05-2023 00:41:59:801 [pid=2168295 tid=2168295] NOTICE  cufio-drv:705 running in compatible mode
 20-05-2023 00:55:20:702 [pid=2173065 tid=2173065] NOTICE  cufio-drv:705 running in compatible mode
 20-05-2023 01:09:01:327 [pid=2177943 tid=2177943] NOTICE  cufio-drv:705 running in compatible mode
 20-05-2023 01:22:43:232 [pid=2182783 tid=2182783] NOTICE  cufio-drv:705 running in compatible mode
 20-05-2023 01:36:25:381 [pid=2188180 tid=2188180] NOTICE  cufio-drv:705 running in compatible mode
 20-05-2023 01:49:53:414 [pid=2193217 tid=2193217] NOTICE  cufio-drv:705 running in compatible mode
 20-05-2023 02:03:42:467 [pid=2198117 tid=2198117] NOTICE  cufio-drv:705 running in compatible mode
 20-05-2023 02:17:03:604 [pid=2202887 tid=2202887] NOTICE  cufio-drv:705 running in compatible mode
 20-05-2023 02:30:30:824 [pid=2207701 tid=2207701] NOTICE  cufio-drv:705 running in compatible mode
 20-05-2023 02:44:17:951 [pid=2212650 tid=2212650] NOTICE  cufio-drv:705 running in compatible mode
 20-05-2023 02:57:58:490 [pid=2217489 tid=2217489] NOTICE  cufio-drv:705 running in compatible mode
 20-05-2023 03:11:17:388 [pid=2222392 tid=2222392] NOTICE  cufio-drv:705 running in compatible mode
 20-05-2023 03:24:55:217 [pid=2227233 tid=2227233] NOTICE  cufio-drv:705 running in compatible mode
 20-05-2023 03:38:36:404 [pid=2232148 tid=2232148] NOTICE  cufio-drv:705 running in compatible mode
 20-05-2023 03:52:10:908 [pid=2237030 tid=2237030] NOTICE  cufio-drv:705 running in compatible mode
 20-05-2023 21:21:33:212 [pid=2562521 tid=2562521] NOTICE  cufio-drv:705 running in compatible mode
 20-05-2023 21:22:00:884 [pid=2562720 tid=2562720] NOTICE  cufio-drv:705 running in compatible mode
 20-05-2023 21:47:10:220 [pid=2570777 tid=2570777] NOTICE  cufio-drv:705 running in compatible mode
 20-05-2023 21:49:00:909 [pid=2571535 tid=2571535] NOTICE  cufio-drv:705 running in compatible mode
 20-05-2023 21:49:28:520 [pid=2571892 tid=2571892] NOTICE  cufio-drv:705 running in compatible mode
 20-05-2023 21:51:14:232 [pid=2572742 tid=2572742] NOTICE  cufio-drv:705 running in compatible mode
 20-05-2023 21:54:51:314 [pid=2574082 tid=2574082] NOTICE  cufio-drv:705 running in compatible mode
 20-05-2023 21:55:18:705 [pid=2574430 tid=2574430] NOTICE  cufio-drv:705 running in compatible mode
 20-05-2023 21:56:50:90 [pid=2575130 tid=2575130] NOTICE  cufio-drv:705 running in compatible mode
 20-05-2023 21:57:18:549 [pid=2575484 tid=2575484] NOTICE  cufio-drv:705 running in compatible mode
 20-05-2023 21:58:17:601 [pid=2575994 tid=2575994] NOTICE  cufio-drv:705 running in compatible mode
 20-05-2023 21:58:40:876 [pid=2576320 tid=2576320] NOTICE  cufio-drv:705 running in compatible mode
 20-05-2023 22:00:29:69 [pid=2577119 tid=2577119] NOTICE  cufio-drv:705 running in compatible mode
 20-05-2023 22:00:50:787 [pid=2577427 tid=2577427] NOTICE  cufio-drv:705 running in compatible mode
 20-05-2023 22:01:49:886 [pid=2577937 tid=2577937] NOTICE  cufio-drv:705 running in compatible mode
 04-09-2023 12:53:11:956 [pid=1955529 tid=1955529] NOTICE  cufio-drv:705 running in compatible mode
 04-09-2023 13:14:55:563 [pid=1959876 tid=1959876] NOTICE  cufio-drv:705 running in compatible mode
 04-09-2023 13:15:22:727 [pid=1960028 tid=1960028] NOTICE  cufio-drv:705 running in compatible mode
 04-09-2023 13:18:06:121 [pid=1960785 tid=1960785] NOTICE  cufio-drv:705 running in compatible mode
 04-09-2023 14:32:42:342 [pid=1974875 tid=1974875] NOTICE  cufio-drv:705 running in compatible mode
 04-09-2023 14:39:24:581 [pid=1976359 tid=1976359] NOTICE  cufio-drv:705 running in compatible mode
 04-09-2023 14:41:06:312 [pid=1976912 tid=1976912] NOTICE  cufio-drv:705 running in compatible mode
 04-09-2023 14:44:15:482 [pid=1977719 tid=1977719] NOTICE  cufio-drv:705 running in compatible mode
 04-09-2023 14:46:34:217 [pid=1978383 tid=1978383] NOTICE  cufio-drv:705 running in compatible mode
 04-09-2023 15:47:05:369 [pid=1991746 tid=1991746] NOTICE  cufio-drv:705 running in compatible mode
 04-09-2023 15:54:52:923 [pid=1993434 tid=1993434] NOTICE  cufio-drv:705 running in compatible mode
 04-09-2023 15:56:54:358 [pid=1994038 tid=1994038] NOTICE  cufio-drv:705 running in compatible mode
 04-09-2023 15:57:55:83 [pid=1994402 tid=1994402] NOTICE  cufio-drv:705 running in compatible mode
 04-09-2023 16:01:09:839 [pid=1995130 tid=1995130] NOTICE  cufio-drv:705 running in compatible mode
 04-09-2023 16:03:53:687 [pid=1995766 tid=1995766] NOTICE  cufio-drv:705 running in compatible mode
 04-09-2023 16:10:53:366 [pid=1997220 tid=1997220] NOTICE  cufio-drv:705 running in compatible mode
 04-09-2023 16:31:05:252 [pid=2001173 tid=2001173] NOTICE  cufio-drv:705 running in compatible mode
 04-09-2023 16:35:39:28 [pid=2002275 tid=2002275] NOTICE  cufio-drv:705 running in compatible mode
 04-09-2023 16:38:51:263 [pid=2003238 tid=2003238] NOTICE  cufio-drv:705 running in compatible mode
 04-09-2023 17:32:14:148 [pid=2013227 tid=2013227] NOTICE  cufio-drv:705 running in compatible mode
 04-09-2023 17:34:34:853 [pid=2013855 tid=2013855] NOTICE  cufio-drv:705 running in compatible mode
 04-09-2023 17:37:03:843 [pid=2014514 tid=2014514] NOTICE  cufio-drv:705 running in compatible mode
 04-09-2023 17:38:04:773 [pid=2014891 tid=2014891] NOTICE  cufio-drv:705 running in compatible mode
 04-09-2023 17:44:09:798 [pid=2016111 tid=2016111] NOTICE  cufio-drv:705 running in compatible mode
 04-09-2023 17:48:05:515 [pid=2017273 tid=2017273] NOTICE  cufio-drv:705 running in compatible mode
 04-09-2023 17:50:19:997 [pid=2017914 tid=2017914] NOTICE  cufio-drv:705 running in compatible mode
 04-09-2023 17:51:37:239 [pid=2018404 tid=2018404] NOTICE  cufio-drv:705 running in compatible mode
 04-09-2023 17:54:01:810 [pid=2019110 tid=2019110] NOTICE  cufio-drv:705 running in compatible mode
 04-09-2023 17:56:46:371 [pid=2019902 tid=2019902] NOTICE  cufio-drv:705 running in compatible mode
 04-09-2023 17:59:08:750 [pid=2020600 tid=2020600] NOTICE  cufio-drv:705 running in compatible mode
 04-09-2023 18:01:37:582 [pid=2021289 tid=2021289] NOTICE  cufio-drv:705 running in compatible mode
 04-09-2023 18:03:17:964 [pid=2021861 tid=2021861] NOTICE  cufio-drv:705 running in compatible mode
 04-09-2023 18:45:30:294 [pid=2029487 tid=2029487] NOTICE  cufio-drv:705 running in compatible mode
 04-09-2023 18:49:18:202 [pid=2030338 tid=2030338] NOTICE  cufio-drv:705 running in compatible mode
 04-09-2023 19:04:19:285 [pid=2033437 tid=2033437] NOTICE  cufio-drv:705 running in compatible mode
 05-09-2023 11:14:00:788 [pid=2212942 tid=2212942] NOTICE  cufio-drv:705 running in compatible mode
 05-09-2023 11:15:38:130 [pid=2213457 tid=2213457] NOTICE  cufio-drv:705 running in compatible mode
 05-09-2023 11:16:48:998 [pid=2213843 tid=2213843] NOTICE  cufio-drv:705 running in compatible mode
 05-09-2023 11:17:51:861 [pid=2214282 tid=2214282] NOTICE  cufio-drv:705 running in compatible mode
 05-09-2023 11:19:02:639 [pid=2214673 tid=2214673] NOTICE  cufio-drv:705 running in compatible mode
 05-09-2023 11:20:36:606 [pid=2215163 tid=2215163] NOTICE  cufio-drv:705 running in compatible mode
 05-09-2023 11:23:28:201 [pid=2215998 tid=2215998] NOTICE  cufio-drv:705 running in compatible mode
 05-09-2023 11:29:20:117 [pid=2217387 tid=2217387] NOTICE  cufio-drv:705 running in compatible mode
 05-09-2023 11:39:14:191 [pid=2219467 tid=2219467] NOTICE  cufio-drv:705 running in compatible mode
 05-09-2023 11:42:26:283 [pid=2220310 tid=2220310] NOTICE  cufio-drv:705 running in compatible mode
 13-09-2023 21:59:45:234 [pid=745176 tid=745176] NOTICE  cufio-drv:705 running in compatible mode
 13-09-2023 22:02:11:427 [pid=746025 tid=746025] NOTICE  cufio-drv:705 running in compatible mode
 13-09-2023 22:10:25:259 [pid=747983 tid=747983] NOTICE  cufio-drv:705 running in compatible mode
 13-09-2023 22:11:56:528 [pid=748482 tid=748482] NOTICE  cufio-drv:705 running in compatible mode
 13-09-2023 22:12:49:223 [pid=748871 tid=748871] NOTICE  cufio-drv:705 running in compatible mode
 13-09-2023 22:18:18:297 [pid=750146 tid=750146] NOTICE  cufio-drv:705 running in compatible mode
 13-09-2023 22:19:15:170 [pid=750565 tid=750565] NOTICE  cufio-drv:705 running in compatible mode
 13-09-2023 22:22:44:480 [pid=751438 tid=751438] NOTICE  cufio-drv:705 running in compatible mode
 13-09-2023 22:23:37:310 [pid=751857 tid=751857] NOTICE  cufio-drv:705 running in compatible mode
 13-09-2023 22:24:20:867 [pid=752216 tid=752216] NOTICE  cufio-drv:705 running in compatible mode
 13-09-2023 22:41:19:572 [pid=755689 tid=755689] NOTICE  cufio-drv:705 running in compatible mode
 13-09-2023 22:43:15:571 [pid=756247 tid=756247] NOTICE  cufio-drv:705 running in compatible mode
 13-09-2023 23:13:07:875 [pid=762169 tid=762169] NOTICE  cufio-drv:705 running in compatible mode
 13-09-2023 23:14:17:131 [pid=762592 tid=762592] NOTICE  cufio-drv:705 running in compatible mode
 13-09-2023 23:17:04:753 [pid=763273 tid=763273] NOTICE  cufio-drv:705 running in compatible mode
 13-09-2023 23:17:29:175 [pid=763464 tid=763464] NOTICE  cufio-drv:705 running in compatible mode
 14-09-2023 14:36:05:236 [pid=939109 tid=939109] NOTICE  cufio-drv:705 running in compatible mode
 14-09-2023 14:38:04:410 [pid=939661 tid=939661] NOTICE  cufio-drv:705 running in compatible mode
 14-09-2023 14:40:10:15 [pid=940309 tid=940309] NOTICE  cufio-drv:705 running in compatible mode
 14-09-2023 14:42:21:147 [pid=941011 tid=941011] NOTICE  cufio-drv:705 running in compatible mode
 04-01-2024 20:06:48:354 [pid=43625 tid=43625] ERROR  cufio-cuda:159 unable to load, symbol  cuStreamWaitValue32_v2 

 04-01-2024 20:06:48:369 [pid=43625 tid=43625] ERROR  cufio_core:934 missing cuda symbols while dynamic loading
 04-01-2024 20:06:48:369 [pid=43625 tid=43625] ERROR  cufio_core:1074 cuFile initialization failed
 04-01-2024 20:07:27:452 [pid=13546 tid=13546] ERROR  cufio-cuda:159 unable to load, symbol  cuStreamWaitValue32_v2 

 04-01-2024 20:07:27:452 [pid=13546 tid=13546] ERROR  cufio_core:934 missing cuda symbols while dynamic loading
 04-01-2024 20:07:27:452 [pid=13546 tid=13546] ERROR  cufio_core:1074 cuFile initialization failed
 04-01-2024 20:07:44:106 [pid=22118 tid=22118] ERROR  cufio-cuda:159 unable to load, symbol  cuStreamWaitValue32_v2 

 04-01-2024 20:07:44:106 [pid=22118 tid=22118] ERROR  cufio_core:934 missing cuda symbols while dynamic loading
 04-01-2024 20:07:44:106 [pid=22118 tid=22118] ERROR  cufio_core:1074 cuFile initialization failed
 04-01-2024 20:08:22:662 [pid=40080 tid=40080] ERROR  cufio-cuda:159 unable to load, symbol  cuStreamWaitValue32_v2 

 04-01-2024 20:08:22:662 [pid=40080 tid=40080] ERROR  cufio_core:934 missing cuda symbols while dynamic loading
 04-01-2024 20:08:22:662 [pid=40080 tid=40080] ERROR  cufio_core:1074 cuFile initialization failed
 04-01-2024 20:08:39:163 [pid=46133 tid=46133] ERROR  cufio-cuda:159 unable to load, symbol  cuStreamWaitValue32_v2 

 04-01-2024 20:08:39:163 [pid=46133 tid=46133] ERROR  cufio_core:934 missing cuda symbols while dynamic loading
 04-01-2024 20:08:39:163 [pid=46133 tid=46133] ERROR  cufio_core:1074 cuFile initialization failed
 04-01-2024 20:09:02:505 [pid=568 tid=568] ERROR  cufio-cuda:159 unable to load, symbol  cuStreamWaitValue32_v2 

 04-01-2024 20:09:02:505 [pid=568 tid=568] ERROR  cufio_core:934 missing cuda symbols while dynamic loading
 04-01-2024 20:09:02:505 [pid=568 tid=568] ERROR  cufio_core:1074 cuFile initialization failed
 04-01-2024 20:09:35:271 [pid=16520 tid=16520] ERROR  cufio-cuda:159 unable to load, symbol  cuStreamWaitValue32_v2 

 04-01-2024 20:09:35:271 [pid=16520 tid=16520] ERROR  cufio_core:934 missing cuda symbols while dynamic loading
 04-01-2024 20:09:35:272 [pid=16520 tid=16520] ERROR  cufio_core:1074 cuFile initialization failed
 04-01-2024 20:10:07:845 [pid=33457 tid=33457] ERROR  cufio-cuda:159 unable to load, symbol  cuStreamWaitValue32_v2 

 04-01-2024 20:10:07:845 [pid=33457 tid=33457] ERROR  cufio_core:934 missing cuda symbols while dynamic loading
 04-01-2024 20:10:07:845 [pid=33457 tid=33457] ERROR  cufio_core:1074 cuFile initialization failed
 04-01-2024 20:10:40:475 [pid=50198 tid=50198] ERROR  cufio-cuda:159 unable to load, symbol  cuStreamWaitValue32_v2 

 04-01-2024 20:10:40:475 [pid=50198 tid=50198] ERROR  cufio_core:934 missing cuda symbols while dynamic loading
 04-01-2024 20:10:40:475 [pid=50198 tid=50198] ERROR  cufio_core:1074 cuFile initialization failed
 04-01-2024 20:11:47:491 [pid=26495 tid=26495] ERROR  cufio-cuda:159 unable to load, symbol  cuStreamWaitValue32_v2 

 04-01-2024 20:11:47:491 [pid=26495 tid=26495] ERROR  cufio_core:934 missing cuda symbols while dynamic loading
 04-01-2024 20:11:47:491 [pid=26495 tid=26495] ERROR  cufio_core:1074 cuFile initialization failed
 04-01-2024 20:12:02:850 [pid=34241 tid=34241] ERROR  cufio-cuda:159 unable to load, symbol  cuStreamWaitValue32_v2 

 04-01-2024 20:12:02:850 [pid=34241 tid=34241] ERROR  cufio_core:934 missing cuda symbols while dynamic loading
 04-01-2024 20:12:02:850 [pid=34241 tid=34241] ERROR  cufio_core:1074 cuFile initialization failed
 04-01-2024 20:12:42:911 [pid=53971 tid=53971] ERROR  cufio-cuda:159 unable to load, symbol  cuStreamWaitValue32_v2 

 04-01-2024 20:12:42:911 [pid=53971 tid=53971] ERROR  cufio_core:934 missing cuda symbols while dynamic loading
 04-01-2024 20:12:42:911 [pid=53971 tid=53971] ERROR  cufio_core:1074 cuFile initialization failed
 04-01-2024 20:18:51:544 [pid=56986 tid=56986] ERROR  cufio-cuda:159 unable to load, symbol  cuStreamWaitValue32_v2 

 04-01-2024 20:18:51:544 [pid=56986 tid=56986] ERROR  cufio_core:934 missing cuda symbols while dynamic loading
 04-01-2024 20:18:51:544 [pid=56986 tid=56986] ERROR  cufio_core:1074 cuFile initialization failed
 04-01-2024 20:19:10:783 [pid=15028 tid=15028] ERROR  cufio-cuda:159 unable to load, symbol  cuStreamWaitValue32_v2 

 04-01-2024 20:19:10:783 [pid=15028 tid=15028] ERROR  cufio_core:934 missing cuda symbols while dynamic loading
 04-01-2024 20:19:10:783 [pid=15028 tid=15028] ERROR  cufio_core:1074 cuFile initialization failed
 04-01-2024 20:19:45:585 [pid=41590 tid=41590] ERROR  cufio-cuda:159 unable to load, symbol  cuStreamWaitValue32_v2 

 04-01-2024 20:19:45:585 [pid=41590 tid=41590] ERROR  cufio_core:934 missing cuda symbols while dynamic loading
 04-01-2024 20:19:45:585 [pid=41590 tid=41590] ERROR  cufio_core:1074 cuFile initialization failed
 04-01-2024 20:21:36:499 [pid=12992 tid=12992] ERROR  cufio-cuda:159 unable to load, symbol  cuStreamWaitValue32_v2 

 04-01-2024 20:21:36:499 [pid=12992 tid=12992] ERROR  cufio_core:934 missing cuda symbols while dynamic loading
 04-01-2024 20:21:36:499 [pid=12992 tid=12992] ERROR  cufio_core:1074 cuFile initialization failed
 04-01-2024 20:21:57:941 [pid=28986 tid=28986] ERROR  cufio-cuda:159 unable to load, symbol  cuStreamWaitValue32_v2 

 04-01-2024 20:21:57:941 [pid=28986 tid=28986] ERROR  cufio_core:934 missing cuda symbols while dynamic loading
 04-01-2024 20:21:57:941 [pid=28986 tid=28986] ERROR  cufio_core:1074 cuFile initialization failed
 04-01-2024 20:22:30:857 [pid=54142 tid=54142] ERROR  cufio-cuda:159 unable to load, symbol  cuStreamWaitValue32_v2 

 04-01-2024 20:22:30:857 [pid=54142 tid=54142] ERROR  cufio_core:934 missing cuda symbols while dynamic loading
 04-01-2024 20:22:30:857 [pid=54142 tid=54142] ERROR  cufio_core:1074 cuFile initialization failed
 04-01-2024 20:24:40:53 [pid=36232 tid=36232] ERROR  cufio-cuda:159 unable to load, symbol  cuStreamWaitValue32_v2 

 04-01-2024 20:24:40:53 [pid=36232 tid=36232] ERROR  cufio_core:934 missing cuda symbols while dynamic loading
 04-01-2024 20:24:40:53 [pid=36232 tid=36232] ERROR  cufio_core:1074 cuFile initialization failed
 04-01-2024 20:25:08:551 [pid=1042 tid=1042] ERROR  cufio-cuda:159 unable to load, symbol  cuStreamWaitValue32_v2 

 04-01-2024 20:25:08:551 [pid=1042 tid=1042] ERROR  cufio_core:934 missing cuda symbols while dynamic loading
 04-01-2024 20:25:08:551 [pid=1042 tid=1042] ERROR  cufio_core:1074 cuFile initialization failed
 04-01-2024 20:26:58:341 [pid=24584 tid=24584] ERROR  cufio-cuda:159 unable to load, symbol  cuStreamWaitValue32_v2 

 04-01-2024 20:26:58:342 [pid=24584 tid=24584] ERROR  cufio_core:934 missing cuda symbols while dynamic loading
 04-01-2024 20:26:58:342 [pid=24584 tid=24584] ERROR  cufio_core:1074 cuFile initialization failed
 04-01-2024 20:28:01:211 [pid=15986 tid=15986] ERROR  cufio-cuda:159 unable to load, symbol  cuStreamWaitValue32_v2 

 04-01-2024 20:28:01:211 [pid=15986 tid=15986] ERROR  cufio_core:934 missing cuda symbols while dynamic loading
 04-01-2024 20:28:01:211 [pid=15986 tid=15986] ERROR  cufio_core:1074 cuFile initialization failed
 04-01-2024 20:30:00:702 [pid=47367 tid=47367] ERROR  cufio-cuda:159 unable to load, symbol  cuStreamWaitValue32_v2 

 04-01-2024 20:30:00:702 [pid=47367 tid=47367] ERROR  cufio_core:934 missing cuda symbols while dynamic loading
 04-01-2024 20:30:00:702 [pid=47367 tid=47367] ERROR  cufio_core:1074 cuFile initialization failed
 04-01-2024 21:02:38:495 [pid=53314 tid=53314] ERROR  cufio-cuda:159 unable to load, symbol  cuStreamWaitValue32_v2 

 04-01-2024 21:02:38:495 [pid=53314 tid=53314] ERROR  cufio_core:934 missing cuda symbols while dynamic loading
 04-01-2024 21:02:38:495 [pid=53314 tid=53314] ERROR  cufio_core:1074 cuFile initialization failed
 04-01-2024 21:07:27:701 [pid=22412 tid=22412] ERROR  cufio-cuda:159 unable to load, symbol  cuStreamWaitValue32_v2 

 04-01-2024 21:07:27:701 [pid=22412 tid=22412] ERROR  cufio_core:934 missing cuda symbols while dynamic loading
 04-01-2024 21:07:27:701 [pid=22412 tid=22412] ERROR  cufio_core:1074 cuFile initialization failed
 04-01-2024 21:08:11:309 [pid=446 tid=446] ERROR  cufio-cuda:159 unable to load, symbol  cuStreamWaitValue32_v2 

 04-01-2024 21:08:11:309 [pid=446 tid=446] ERROR  cufio_core:934 missing cuda symbols while dynamic loading
 04-01-2024 21:08:11:310 [pid=446 tid=446] ERROR  cufio_core:1074 cuFile initialization failed
 04-01-2024 21:09:03:905 [pid=41994 tid=41994] ERROR  cufio-cuda:159 unable to load, symbol  cuStreamWaitValue32_v2 

 04-01-2024 21:09:03:905 [pid=41994 tid=41994] ERROR  cufio_core:934 missing cuda symbols while dynamic loading
 04-01-2024 21:09:03:905 [pid=41994 tid=41994] ERROR  cufio_core:1074 cuFile initialization failed
 04-01-2024 21:09:24:433 [pid=2383 tid=2383] ERROR  cufio-cuda:159 unable to load, symbol  cuStreamWaitValue32_v2 

 04-01-2024 21:09:24:433 [pid=2383 tid=2383] ERROR  cufio_core:934 missing cuda symbols while dynamic loading
 04-01-2024 21:09:24:433 [pid=2383 tid=2383] ERROR  cufio_core:1074 cuFile initialization failed
 04-01-2024 21:10:07:604 [pid=33847 tid=33847] ERROR  cufio-cuda:159 unable to load, symbol  cuStreamWaitValue32_v2 

 04-01-2024 21:10:07:605 [pid=33847 tid=33847] ERROR  cufio_core:934 missing cuda symbols while dynamic loading
 04-01-2024 21:10:07:605 [pid=33847 tid=33847] ERROR  cufio_core:1074 cuFile initialization failed
 04-01-2024 21:10:39:185 [pid=6934 tid=6934] ERROR  cufio-cuda:159 unable to load, symbol  cuStreamWaitValue32_v2 

 04-01-2024 21:10:39:185 [pid=6934 tid=6934] ERROR  cufio_core:934 missing cuda symbols while dynamic loading
 04-01-2024 21:10:39:185 [pid=6934 tid=6934] ERROR  cufio_core:1074 cuFile initialization failed
 04-01-2024 21:10:54:449 [pid=19968 tid=19968] ERROR  cufio-cuda:159 unable to load, symbol  cuStreamWaitValue32_v2 

 04-01-2024 21:10:54:449 [pid=19968 tid=19968] ERROR  cufio_core:934 missing cuda symbols while dynamic loading
 04-01-2024 21:10:54:449 [pid=19968 tid=19968] ERROR  cufio_core:1074 cuFile initialization failed
 04-01-2024 21:12:42:675 [pid=53341 tid=53341] ERROR  cufio-cuda:159 unable to load, symbol  cuStreamWaitValue32_v2 

 04-01-2024 21:12:42:675 [pid=53341 tid=53341] ERROR  cufio_core:934 missing cuda symbols while dynamic loading
 04-01-2024 21:12:42:675 [pid=53341 tid=53341] ERROR  cufio_core:1074 cuFile initialization failed
 04-01-2024 21:20:00:106 [pid=13251 tid=13251] ERROR  cufio-cuda:159 unable to load, symbol  cuStreamWaitValue32_v2 

 04-01-2024 21:20:00:106 [pid=13251 tid=13251] ERROR  cufio_core:934 missing cuda symbols while dynamic loading
 04-01-2024 21:20:00:106 [pid=13251 tid=13251] ERROR  cufio_core:1074 cuFile initialization failed
 04-01-2024 21:20:46:123 [pid=47243 tid=47243] ERROR  cufio-cuda:159 unable to load, symbol  cuStreamWaitValue32_v2 

 04-01-2024 21:20:46:123 [pid=47243 tid=47243] ERROR  cufio_core:934 missing cuda symbols while dynamic loading
 04-01-2024 21:20:46:123 [pid=47243 tid=47243] ERROR  cufio_core:1074 cuFile initialization failed
 04-01-2024 21:27:46:611 [pid=43726 tid=43726] ERROR  cufio-cuda:159 unable to load, symbol  cuStreamWaitValue32_v2 

 04-01-2024 21:27:46:611 [pid=43726 tid=43726] ERROR  cufio_core:934 missing cuda symbols while dynamic loading
 04-01-2024 21:27:46:611 [pid=43726 tid=43726] ERROR  cufio_core:1074 cuFile initialization failed
 04-01-2024 21:29:03:750 [pid=54506 tid=54506] ERROR  cufio-cuda:159 unable to load, symbol  cuStreamWaitValue32_v2 

 04-01-2024 21:29:03:750 [pid=54506 tid=54506] ERROR  cufio_core:934 missing cuda symbols while dynamic loading
 04-01-2024 21:29:03:750 [pid=54506 tid=54506] ERROR  cufio_core:1074 cuFile initialization failed
 04-01-2024 21:30:43:14 [pid=3122 tid=3122] ERROR  cufio-cuda:159 unable to load, symbol  cuStreamWaitValue32_v2 

 04-01-2024 21:30:43:14 [pid=3122 tid=3122] ERROR  cufio_core:934 missing cuda symbols while dynamic loading
 04-01-2024 21:30:43:14 [pid=3122 tid=3122] ERROR  cufio_core:1074 cuFile initialization failed
 04-01-2024 21:31:49:296 [pid=55390 tid=55390] ERROR  cufio-cuda:159 unable to load, symbol  cuStreamWaitValue32_v2 

 04-01-2024 21:31:49:297 [pid=55390 tid=55390] ERROR  cufio_core:934 missing cuda symbols while dynamic loading
 04-01-2024 21:31:49:297 [pid=55390 tid=55390] ERROR  cufio_core:1074 cuFile initialization failed
 04-01-2024 21:33:16:415 [pid=11370 tid=11370] ERROR  cufio-cuda:159 unable to load, symbol  cuStreamWaitValue32_v2 

 04-01-2024 21:33:16:415 [pid=11370 tid=11370] ERROR  cufio_core:934 missing cuda symbols while dynamic loading
 04-01-2024 21:33:16:415 [pid=11370 tid=11370] ERROR  cufio_core:1074 cuFile initialization failed
 04-01-2024 21:40:25:915 [pid=4407 tid=4407] ERROR  cufio-cuda:159 unable to load, symbol  cuStreamWaitValue32_v2 

 04-01-2024 21:40:25:916 [pid=4407 tid=4407] ERROR  cufio_core:934 missing cuda symbols while dynamic loading
 04-01-2024 21:40:25:916 [pid=4407 tid=4407] ERROR  cufio_core:1074 cuFile initialization failed
 04-01-2024 21:41:25:737 [pid=51858 tid=51858] ERROR  cufio-cuda:159 unable to load, symbol  cuStreamWaitValue32_v2 

 04-01-2024 21:41:25:738 [pid=51858 tid=51858] ERROR  cufio_core:934 missing cuda symbols while dynamic loading
 04-01-2024 21:41:25:738 [pid=51858 tid=51858] ERROR  cufio_core:1074 cuFile initialization failed
 04-01-2024 21:41:36:559 [pid=2520 tid=2520] ERROR  cufio-cuda:159 unable to load, symbol  cuStreamWaitValue32_v2 

 04-01-2024 21:41:36:560 [pid=2520 tid=2520] ERROR  cufio_core:934 missing cuda symbols while dynamic loading
 04-01-2024 21:41:36:560 [pid=2520 tid=2520] ERROR  cufio_core:1074 cuFile initialization failed
 04-01-2024 21:42:45:248 [pid=56026 tid=56026] ERROR  cufio-cuda:159 unable to load, symbol  cuStreamWaitValue32_v2 

 04-01-2024 21:42:45:248 [pid=56026 tid=56026] ERROR  cufio_core:934 missing cuda symbols while dynamic loading
 04-01-2024 21:42:45:248 [pid=56026 tid=56026] ERROR  cufio_core:1074 cuFile initialization failed
 04-01-2024 21:45:16:192 [pid=54349 tid=54349] ERROR  cufio-cuda:159 unable to load, symbol  cuStreamWaitValue32_v2 

 04-01-2024 21:45:16:192 [pid=54349 tid=54349] ERROR  cufio_core:934 missing cuda symbols while dynamic loading
 04-01-2024 21:45:16:192 [pid=54349 tid=54349] ERROR  cufio_core:1074 cuFile initialization failed
 04-01-2024 21:47:02:650 [pid=32648 tid=32648] ERROR  cufio-cuda:159 unable to load, symbol  cuStreamWaitValue32_v2 

 04-01-2024 21:47:02:650 [pid=32648 tid=32648] ERROR  cufio_core:934 missing cuda symbols while dynamic loading
 04-01-2024 21:47:02:650 [pid=32648 tid=32648] ERROR  cufio_core:1074 cuFile initialization failed
 04-01-2024 21:47:35:339 [pid=2327 tid=2327] ERROR  cufio-cuda:159 unable to load, symbol  cuStreamWaitValue32_v2 

 04-01-2024 21:47:35:339 [pid=2327 tid=2327] ERROR  cufio_core:934 missing cuda symbols while dynamic loading
 04-01-2024 21:47:35:339 [pid=2327 tid=2327] ERROR  cufio_core:1074 cuFile initialization failed
 04-01-2024 21:49:40:425 [pid=37026 tid=37026] ERROR  cufio-cuda:159 unable to load, symbol  cuStreamWaitValue32_v2 

 04-01-2024 21:49:40:426 [pid=37026 tid=37026] ERROR  cufio_core:934 missing cuda symbols while dynamic loading
 04-01-2024 21:49:40:426 [pid=37026 tid=37026] ERROR  cufio_core:1074 cuFile initialization failed
 04-01-2024 21:59:33:987 [pid=2155 tid=2155] ERROR  cufio-cuda:159 unable to load, symbol  cuStreamWaitValue32_v2 

 04-01-2024 21:59:33:987 [pid=2155 tid=2155] ERROR  cufio_core:934 missing cuda symbols while dynamic loading
 04-01-2024 21:59:33:987 [pid=2155 tid=2155] ERROR  cufio_core:1074 cuFile initialization failed
 04-01-2024 22:01:02:997 [pid=17695 tid=17695] ERROR  cufio-cuda:159 unable to load, symbol  cuStreamWaitValue32_v2 

 04-01-2024 22:01:02:997 [pid=17695 tid=17695] ERROR  cufio_core:934 missing cuda symbols while dynamic loading
 04-01-2024 22:01:02:997 [pid=17695 tid=17695] ERROR  cufio_core:1074 cuFile initialization failed
 04-01-2024 22:01:36:729 [pid=39721 tid=39721] ERROR  cufio-cuda:159 unable to load, symbol  cuStreamWaitValue32_v2 

 04-01-2024 22:01:36:729 [pid=39721 tid=39721] ERROR  cufio_core:934 missing cuda symbols while dynamic loading
 04-01-2024 22:01:36:729 [pid=39721 tid=39721] ERROR  cufio_core:1074 cuFile initialization failed
 04-01-2024 22:02:27:410 [pid=4195 tid=4195] ERROR  cufio-cuda:159 unable to load, symbol  cuStreamWaitValue32_v2 

 04-01-2024 22:02:27:410 [pid=4195 tid=4195] ERROR  cufio_core:934 missing cuda symbols while dynamic loading
 04-01-2024 22:02:27:411 [pid=4195 tid=4195] ERROR  cufio_core:1074 cuFile initialization failed
 04-01-2024 22:02:42:368 [pid=11192 tid=11192] ERROR  cufio-cuda:159 unable to load, symbol  cuStreamWaitValue32_v2 

 04-01-2024 22:02:42:368 [pid=11192 tid=11192] ERROR  cufio_core:934 missing cuda symbols while dynamic loading
 04-01-2024 22:02:42:368 [pid=11192 tid=11192] ERROR  cufio_core:1074 cuFile initialization failed
 05-01-2024 14:37:26:937 [pid=27274 tid=27274] ERROR  cufio-cuda:159 unable to load, symbol  cuStreamWaitValue32_v2 

 05-01-2024 14:37:26:937 [pid=27274 tid=27274] ERROR  cufio_core:934 missing cuda symbols while dynamic loading
 05-01-2024 14:37:26:937 [pid=27274 tid=27274] ERROR  cufio_core:1074 cuFile initialization failed
 05-01-2024 14:37:26:937 [pid=43827 tid=43827] ERROR  cufio-cuda:159 unable to load, symbol  cuStreamWaitValue32_v2 

 05-01-2024 14:37:26:937 [pid=43827 tid=43827] ERROR  cufio_core:934 missing cuda symbols while dynamic loading
 05-01-2024 14:37:26:937 [pid=43827 tid=43827] ERROR  cufio_core:1074 cuFile initialization failed
 05-01-2024 14:37:26:939 [pid=39108 tid=39108] ERROR  cufio-cuda:159 unable to load, symbol  cuStreamWaitValue32_v2 

 05-01-2024 14:37:26:939 [pid=39108 tid=39108] ERROR  cufio_core:934 missing cuda symbols while dynamic loading
 05-01-2024 14:37:26:939 [pid=39108 tid=39108] ERROR  cufio_core:1074 cuFile initialization failed
 05-01-2024 14:37:28:380 [pid=46987 tid=46987] ERROR  cufio-cuda:159 unable to load, symbol  cuStreamWaitValue32_v2 

 05-01-2024 14:37:28:380 [pid=46987 tid=46987] ERROR  cufio_core:934 missing cuda symbols while dynamic loading
 05-01-2024 14:37:28:380 [pid=46987 tid=46987] ERROR  cufio_core:1074 cuFile initialization failed
 05-01-2024 14:37:30:216 [pid=50056 tid=50056] ERROR  cufio-cuda:159 unable to load, symbol  cuStreamWaitValue32_v2 

 05-01-2024 14:37:30:216 [pid=50056 tid=50056] ERROR  cufio_core:934 missing cuda symbols while dynamic loading
 05-01-2024 14:37:30:216 [pid=50056 tid=50056] ERROR  cufio_core:1074 cuFile initialization failed
 05-01-2024 15:14:28:963 [pid=9851 tid=9851] ERROR  cufio-cuda:159 unable to load, symbol  cuStreamWaitValue32_v2 

 05-01-2024 15:14:28:963 [pid=9851 tid=9851] ERROR  cufio_core:934 missing cuda symbols while dynamic loading
 05-01-2024 15:14:28:963 [pid=9851 tid=9851] ERROR  cufio_core:1074 cuFile initialization failed
 05-01-2024 15:14:49:911 [pid=13035 tid=13035] ERROR  cufio-cuda:159 unable to load, symbol  cuStreamWaitValue32_v2 

 05-01-2024 15:14:49:911 [pid=13035 tid=13035] ERROR  cufio_core:934 missing cuda symbols while dynamic loading
 05-01-2024 15:14:49:911 [pid=13035 tid=13035] ERROR  cufio_core:1074 cuFile initialization failed
 05-01-2024 15:15:03:153 [pid=15066 tid=15066] ERROR  cufio-cuda:159 unable to load, symbol  cuStreamWaitValue32_v2 

 05-01-2024 15:15:03:153 [pid=15066 tid=15066] ERROR  cufio_core:934 missing cuda symbols while dynamic loading
 05-01-2024 15:15:03:153 [pid=15066 tid=15066] ERROR  cufio_core:1074 cuFile initialization failed
 05-01-2024 15:15:14:379 [pid=19216 tid=19216] ERROR  cufio-cuda:159 unable to load, symbol  cuStreamWaitValue32_v2 

 05-01-2024 15:15:14:379 [pid=19216 tid=19216] ERROR  cufio_core:934 missing cuda symbols while dynamic loading
 05-01-2024 15:15:14:379 [pid=19216 tid=19216] ERROR  cufio_core:1074 cuFile initialization failed
 05-01-2024 15:15:48:133 [pid=25842 tid=25842] ERROR  cufio-cuda:159 unable to load, symbol  cuStreamWaitValue32_v2 

 05-01-2024 15:15:48:134 [pid=25842 tid=25842] ERROR  cufio_core:934 missing cuda symbols while dynamic loading
 05-01-2024 15:15:48:134 [pid=25842 tid=25842] ERROR  cufio_core:1074 cuFile initialization failed
 05-01-2024 15:18:50:257 [pid=53473 tid=53473] ERROR  cufio-cuda:159 unable to load, symbol  cuStreamWaitValue32_v2 

 05-01-2024 15:18:50:257 [pid=53473 tid=53473] ERROR  cufio_core:934 missing cuda symbols while dynamic loading
 05-01-2024 15:18:50:258 [pid=53473 tid=53473] ERROR  cufio_core:1074 cuFile initialization failed
 05-01-2024 15:19:14:179 [pid=56915 tid=56915] ERROR  cufio-cuda:159 unable to load, symbol  cuStreamWaitValue32_v2 

 05-01-2024 15:19:14:179 [pid=56915 tid=56915] ERROR  cufio_core:934 missing cuda symbols while dynamic loading
 05-01-2024 15:19:14:179 [pid=56915 tid=56915] ERROR  cufio_core:1074 cuFile initialization failed
 05-01-2024 15:28:13:160 [pid=49733 tid=49733] ERROR  cufio-cuda:159 unable to load, symbol  cuStreamWaitValue32_v2 

 05-01-2024 15:28:13:166 [pid=49733 tid=49733] ERROR  cufio_core:934 missing cuda symbols while dynamic loading
 05-01-2024 15:28:13:166 [pid=49733 tid=49733] ERROR  cufio_core:1074 cuFile initialization failed
 05-01-2024 15:29:51:832 [pid=26495 tid=26495] ERROR  cufio-cuda:159 unable to load, symbol  cuStreamWaitValue32_v2 

 05-01-2024 15:29:51:832 [pid=26495 tid=26495] ERROR  cufio_core:934 missing cuda symbols while dynamic loading
 05-01-2024 15:29:51:832 [pid=26495 tid=26495] ERROR  cufio_core:1074 cuFile initialization failed
 05-01-2024 15:30:20:50 [pid=35792 tid=35792] ERROR  cufio-cuda:159 unable to load, symbol  cuStreamWaitValue32_v2 

 05-01-2024 15:30:20:50 [pid=35792 tid=35792] ERROR  cufio_core:934 missing cuda symbols while dynamic loading
 05-01-2024 15:30:20:51 [pid=35792 tid=35792] ERROR  cufio_core:1074 cuFile initialization failed
 05-01-2024 15:30:33:475 [pid=38611 tid=38611] ERROR  cufio-cuda:159 unable to load, symbol  cuStreamWaitValue32_v2 

 05-01-2024 15:30:33:475 [pid=38611 tid=38611] ERROR  cufio_core:934 missing cuda symbols while dynamic loading
 05-01-2024 15:30:33:476 [pid=38611 tid=38611] ERROR  cufio_core:1074 cuFile initialization failed
 05-01-2024 15:31:00:236 [pid=47197 tid=47197] ERROR  cufio-cuda:159 unable to load, symbol  cuStreamWaitValue32_v2 

 05-01-2024 15:31:00:236 [pid=47197 tid=47197] ERROR  cufio_core:934 missing cuda symbols while dynamic loading
 05-01-2024 15:31:00:236 [pid=47197 tid=47197] ERROR  cufio_core:1074 cuFile initialization failed
 05-01-2024 22:21:52:970 [pid=31835 tid=31835] ERROR  cufio-cuda:159 unable to load, symbol  cuStreamWaitValue32_v2 

 05-01-2024 22:21:52:982 [pid=31835 tid=31835] ERROR  cufio_core:934 missing cuda symbols while dynamic loading
 05-01-2024 22:21:52:982 [pid=31835 tid=31835] ERROR  cufio_core:1074 cuFile initialization failed
 05-01-2024 22:22:59:633 [pid=46728 tid=46728] ERROR  cufio-cuda:159 unable to load, symbol  cuStreamWaitValue32_v2 

 05-01-2024 22:22:59:650 [pid=46728 tid=46728] ERROR  cufio_core:934 missing cuda symbols while dynamic loading
 05-01-2024 22:22:59:658 [pid=46728 tid=46728] ERROR  cufio_core:1074 cuFile initialization failed
 05-01-2024 22:26:06:887 [pid=21422 tid=21422] ERROR  cufio-cuda:159 unable to load, symbol  cuStreamWaitValue32_v2 

 05-01-2024 22:26:06:896 [pid=21422 tid=21422] ERROR  cufio_core:934 missing cuda symbols while dynamic loading
 05-01-2024 22:26:06:897 [pid=21422 tid=21422] ERROR  cufio_core:1074 cuFile initialization failed
 05-01-2024 22:27:39:970 [pid=2076 tid=2076] ERROR  cufio-cuda:159 unable to load, symbol  cuStreamWaitValue32_v2 

 05-01-2024 22:27:39:970 [pid=2076 tid=2076] ERROR  cufio_core:934 missing cuda symbols while dynamic loading
 05-01-2024 22:27:39:970 [pid=2076 tid=2076] ERROR  cufio_core:1074 cuFile initialization failed
 05-01-2024 22:28:11:152 [pid=23538 tid=23538] ERROR  cufio-cuda:159 unable to load, symbol  cuStreamWaitValue32_v2 

 05-01-2024 22:28:11:153 [pid=23538 tid=23538] ERROR  cufio_core:934 missing cuda symbols while dynamic loading
 05-01-2024 22:28:11:153 [pid=23538 tid=23538] ERROR  cufio_core:1074 cuFile initialization failed
 05-01-2024 22:28:23:201 [pid=34543 tid=34543] ERROR  cufio-cuda:159 unable to load, symbol  cuStreamWaitValue32_v2 

 05-01-2024 22:28:23:202 [pid=34543 tid=34543] ERROR  cufio_core:934 missing cuda symbols while dynamic loading
 05-01-2024 22:28:23:202 [pid=34543 tid=34543] ERROR  cufio_core:1074 cuFile initialization failed
 05-01-2024 22:28:40:471 [pid=45984 tid=45984] ERROR  cufio-cuda:159 unable to load, symbol  cuStreamWaitValue32_v2 

 05-01-2024 22:28:40:471 [pid=45984 tid=45984] ERROR  cufio_core:934 missing cuda symbols while dynamic loading
 05-01-2024 22:28:40:471 [pid=45984 tid=45984] ERROR  cufio_core:1074 cuFile initialization failed
 05-01-2024 22:29:06:490 [pid=7482 tid=7482] ERROR  cufio-cuda:159 unable to load, symbol  cuStreamWaitValue32_v2 

 05-01-2024 22:29:06:490 [pid=7482 tid=7482] ERROR  cufio_core:934 missing cuda symbols while dynamic loading
 05-01-2024 22:29:06:490 [pid=7482 tid=7482] ERROR  cufio_core:1074 cuFile initialization failed
 05-01-2024 22:29:22:980 [pid=16381 tid=16381] ERROR  cufio-cuda:159 unable to load, symbol  cuStreamWaitValue32_v2 

 05-01-2024 22:29:22:980 [pid=16381 tid=16381] ERROR  cufio_core:934 missing cuda symbols while dynamic loading
 05-01-2024 22:29:22:980 [pid=16381 tid=16381] ERROR  cufio_core:1074 cuFile initialization failed
 05-01-2024 22:30:56:693 [pid=50890 tid=50890] ERROR  cufio-cuda:159 unable to load, symbol  cuStreamWaitValue32_v2 

 05-01-2024 22:30:56:694 [pid=50890 tid=50890] ERROR  cufio_core:934 missing cuda symbols while dynamic loading
 05-01-2024 22:30:56:694 [pid=50890 tid=50890] ERROR  cufio_core:1074 cuFile initialization failed
 05-01-2024 22:31:13:594 [pid=55592 tid=55592] ERROR  cufio-cuda:159 unable to load, symbol  cuStreamWaitValue32_v2 

 05-01-2024 22:31:13:594 [pid=55592 tid=55592] ERROR  cufio_core:934 missing cuda symbols while dynamic loading
 05-01-2024 22:31:13:594 [pid=55592 tid=55592] ERROR  cufio_core:1074 cuFile initialization failed
 05-01-2024 22:31:36:707 [pid=5687 tid=5687] ERROR  cufio-cuda:159 unable to load, symbol  cuStreamWaitValue32_v2 

 05-01-2024 22:31:36:707 [pid=5687 tid=5687] ERROR  cufio_core:934 missing cuda symbols while dynamic loading
 05-01-2024 22:31:36:708 [pid=5687 tid=5687] ERROR  cufio_core:1074 cuFile initialization failed
 05-01-2024 22:31:50:534 [pid=7324 tid=7324] ERROR  cufio-cuda:159 unable to load, symbol  cuStreamWaitValue32_v2 

 05-01-2024 22:31:50:535 [pid=7324 tid=7324] ERROR  cufio_core:934 missing cuda symbols while dynamic loading
 05-01-2024 22:31:50:535 [pid=7324 tid=7324] ERROR  cufio_core:1074 cuFile initialization failed
 05-01-2024 22:31:56:429 [pid=8923 tid=8923] ERROR  cufio-cuda:159 unable to load, symbol  cuStreamWaitValue32_v2 

 05-01-2024 22:31:56:429 [pid=8923 tid=8923] ERROR  cufio_core:934 missing cuda symbols while dynamic loading
 05-01-2024 22:31:56:429 [pid=8923 tid=8923] ERROR  cufio_core:1074 cuFile initialization failed
 06-01-2024 17:44:48:898 [pid=6684 tid=6684] ERROR  cufio-cuda:159 unable to load, symbol  cuStreamWaitValue32_v2 

 06-01-2024 17:44:48:912 [pid=6684 tid=6684] ERROR  cufio_core:934 missing cuda symbols while dynamic loading
 06-01-2024 17:44:48:913 [pid=6684 tid=6684] ERROR  cufio_core:1074 cuFile initialization failed
 06-01-2024 21:17:08:438 [pid=55779 tid=55779] ERROR  cufio-cuda:159 unable to load, symbol  cuStreamWaitValue32_v2 

 06-01-2024 21:17:08:442 [pid=55779 tid=55779] ERROR  cufio_core:934 missing cuda symbols while dynamic loading
 06-01-2024 21:17:08:443 [pid=55779 tid=55779] ERROR  cufio_core:1074 cuFile initialization failed
 06-01-2024 21:18:58:231 [pid=56943 tid=56943] ERROR  cufio-cuda:159 unable to load, symbol  cuStreamWaitValue32_v2 

 06-01-2024 21:18:58:235 [pid=56943 tid=56943] ERROR  cufio_core:934 missing cuda symbols while dynamic loading
 06-01-2024 21:18:58:235 [pid=56943 tid=56943] ERROR  cufio_core:1074 cuFile initialization failed
 06-01-2024 21:23:06:380 [pid=29175 tid=29175] ERROR  cufio-cuda:159 unable to load, symbol  cuStreamWaitValue32_v2 

 06-01-2024 21:23:06:380 [pid=29175 tid=29175] ERROR  cufio_core:934 missing cuda symbols while dynamic loading
 06-01-2024 21:23:06:380 [pid=29175 tid=29175] ERROR  cufio_core:1074 cuFile initialization failed
 06-01-2024 21:23:41:773 [pid=49976 tid=49976] ERROR  cufio-cuda:159 unable to load, symbol  cuStreamWaitValue32_v2 

 06-01-2024 21:23:41:773 [pid=49976 tid=49976] ERROR  cufio_core:934 missing cuda symbols while dynamic loading
 06-01-2024 21:23:41:774 [pid=49976 tid=49976] ERROR  cufio_core:1074 cuFile initialization failed
 06-01-2024 21:26:51:158 [pid=32385 tid=32385] ERROR  cufio-cuda:159 unable to load, symbol  cuStreamWaitValue32_v2 

 06-01-2024 21:26:51:164 [pid=32385 tid=32385] ERROR  cufio_core:934 missing cuda symbols while dynamic loading
 06-01-2024 21:26:51:164 [pid=32385 tid=32385] ERROR  cufio_core:1074 cuFile initialization failed
 06-01-2024 21:28:09:399 [pid=17291 tid=17291] ERROR  cufio-cuda:159 unable to load, symbol  cuStreamWaitValue32_v2 

 06-01-2024 21:28:09:422 [pid=17291 tid=17291] ERROR  cufio_core:934 missing cuda symbols while dynamic loading
 06-01-2024 21:28:09:422 [pid=17291 tid=17291] ERROR  cufio_core:1074 cuFile initialization failed
 06-01-2024 21:30:34:890 [pid=47358 tid=47358] ERROR  cufio-cuda:159 unable to load, symbol  cuStreamWaitValue32_v2 

 06-01-2024 21:30:34:897 [pid=47358 tid=47358] ERROR  cufio_core:934 missing cuda symbols while dynamic loading
 06-01-2024 21:30:34:898 [pid=47358 tid=47358] ERROR  cufio_core:1074 cuFile initialization failed
 06-01-2024 21:38:14:500 [pid=20040 tid=20040] ERROR  cufio-cuda:159 unable to load, symbol  cuStreamWaitValue32_v2 

 06-01-2024 21:38:14:506 [pid=20040 tid=20040] ERROR  cufio_core:934 missing cuda symbols while dynamic loading
 06-01-2024 21:38:14:507 [pid=20040 tid=20040] ERROR  cufio_core:1074 cuFile initialization failed
 06-01-2024 21:40:36:269 [pid=44847 tid=44847] ERROR  cufio-cuda:159 unable to load, symbol  cuStreamWaitValue32_v2 

 06-01-2024 21:40:36:270 [pid=44847 tid=44847] ERROR  cufio_core:934 missing cuda symbols while dynamic loading
 06-01-2024 21:40:36:271 [pid=44847 tid=44847] ERROR  cufio_core:1074 cuFile initialization failed
 06-01-2024 21:44:37:488 [pid=21191 tid=21191] ERROR  cufio-cuda:159 unable to load, symbol  cuStreamWaitValue32_v2 

 06-01-2024 21:44:37:488 [pid=21191 tid=21191] ERROR  cufio_core:934 missing cuda symbols while dynamic loading
 06-01-2024 21:44:37:491 [pid=21191 tid=21191] ERROR  cufio_core:1074 cuFile initialization failed
 06-01-2024 21:45:57:738 [pid=911 tid=911] ERROR  cufio-cuda:159 unable to load, symbol  cuStreamWaitValue32_v2 

 06-01-2024 21:45:57:745 [pid=911 tid=911] ERROR  cufio_core:934 missing cuda symbols while dynamic loading
 06-01-2024 21:45:57:746 [pid=911 tid=911] ERROR  cufio_core:1074 cuFile initialization failed
 06-01-2024 22:22:20:576 [pid=7418 tid=7418] ERROR  cufio-cuda:159 unable to load, symbol  cuStreamWaitValue32_v2 

 06-01-2024 22:22:20:576 [pid=7418 tid=7418] ERROR  cufio_core:934 missing cuda symbols while dynamic loading
 06-01-2024 22:22:20:576 [pid=7418 tid=7418] ERROR  cufio_core:1074 cuFile initialization failed
 06-01-2024 22:23:01:251 [pid=3207 tid=3207] ERROR  cufio-cuda:159 unable to load, symbol  cuStreamWaitValue32_v2 

 06-01-2024 22:23:01:251 [pid=3207 tid=3207] ERROR  cufio_core:934 missing cuda symbols while dynamic loading
 06-01-2024 22:23:01:263 [pid=3207 tid=3207] ERROR  cufio_core:1074 cuFile initialization failed
 06-01-2024 22:23:56:597 [pid=22854 tid=22854] ERROR  cufio-cuda:159 unable to load, symbol  cuStreamWaitValue32_v2 

 06-01-2024 22:23:56:597 [pid=22854 tid=22854] ERROR  cufio_core:934 missing cuda symbols while dynamic loading
 06-01-2024 22:23:56:597 [pid=22854 tid=22854] ERROR  cufio_core:1074 cuFile initialization failed
 06-01-2024 22:24:29:105 [pid=8960 tid=8960] ERROR  cufio-cuda:159 unable to load, symbol  cuStreamWaitValue32_v2 

 06-01-2024 22:24:29:105 [pid=8960 tid=8960] ERROR  cufio_core:934 missing cuda symbols while dynamic loading
 06-01-2024 22:24:29:111 [pid=8960 tid=8960] ERROR  cufio_core:1074 cuFile initialization failed
 06-01-2024 22:25:41:563 [pid=43840 tid=43840] ERROR  cufio-cuda:159 unable to load, symbol  cuStreamWaitValue32_v2 

 06-01-2024 22:25:41:563 [pid=43840 tid=43840] ERROR  cufio_core:934 missing cuda symbols while dynamic loading
 06-01-2024 22:25:41:563 [pid=43840 tid=43840] ERROR  cufio_core:1074 cuFile initialization failed
 06-01-2024 22:28:36:675 [pid=26447 tid=26447] ERROR  cufio-cuda:159 unable to load, symbol  cuStreamWaitValue32_v2 

 06-01-2024 22:28:36:675 [pid=26447 tid=26447] ERROR  cufio_core:934 missing cuda symbols while dynamic loading
 06-01-2024 22:28:36:675 [pid=26447 tid=26447] ERROR  cufio_core:1074 cuFile initialization failed
 06-01-2024 22:30:30:737 [pid=39540 tid=39540] ERROR  cufio-cuda:159 unable to load, symbol  cuStreamWaitValue32_v2 

 06-01-2024 22:30:30:737 [pid=39540 tid=39540] ERROR  cufio_core:934 missing cuda symbols while dynamic loading
 06-01-2024 22:30:30:737 [pid=39540 tid=39540] ERROR  cufio_core:1074 cuFile initialization failed
 06-01-2024 22:33:33:890 [pid=56036 tid=56036] ERROR  cufio-cuda:159 unable to load, symbol  cuStreamWaitValue32_v2 

 06-01-2024 22:33:33:890 [pid=56036 tid=56036] ERROR  cufio_core:934 missing cuda symbols while dynamic loading
 06-01-2024 22:33:33:890 [pid=56036 tid=56036] ERROR  cufio_core:1074 cuFile initialization failed
 06-01-2024 22:41:02:863 [pid=52839 tid=52839] ERROR  cufio-cuda:159 unable to load, symbol  cuStreamWaitValue32_v2 

 06-01-2024 22:41:02:863 [pid=52839 tid=52839] ERROR  cufio_core:934 missing cuda symbols while dynamic loading
 06-01-2024 22:41:02:867 [pid=52839 tid=52839] ERROR  cufio_core:1074 cuFile initialization failed
 06-01-2024 22:43:46:884 [pid=42720 tid=42720] ERROR  cufio-cuda:159 unable to load, symbol  cuStreamWaitValue32_v2 

 06-01-2024 22:43:46:884 [pid=42720 tid=42720] ERROR  cufio_core:934 missing cuda symbols while dynamic loading
 06-01-2024 22:43:46:884 [pid=42720 tid=42720] ERROR  cufio_core:1074 cuFile initialization failed
 06-01-2024 22:44:58:247 [pid=53092 tid=53092] ERROR  cufio-cuda:159 unable to load, symbol  cuStreamWaitValue32_v2 

 06-01-2024 22:44:58:247 [pid=53092 tid=53092] ERROR  cufio_core:934 missing cuda symbols while dynamic loading
 06-01-2024 22:44:58:247 [pid=53092 tid=53092] ERROR  cufio_core:1074 cuFile initialization failed
 06-01-2024 22:48:16:718 [pid=3048 tid=3048] ERROR  cufio-cuda:159 unable to load, symbol  cuStreamWaitValue32_v2 

 06-01-2024 22:48:16:718 [pid=3048 tid=3048] ERROR  cufio_core:934 missing cuda symbols while dynamic loading
 06-01-2024 22:48:16:718 [pid=3048 tid=3048] ERROR  cufio_core:1074 cuFile initialization failed
 06-01-2024 22:48:43:688 [pid=30565 tid=30565] ERROR  cufio-cuda:159 unable to load, symbol  cuStreamWaitValue32_v2 

 06-01-2024 22:48:43:688 [pid=30565 tid=30565] ERROR  cufio_core:934 missing cuda symbols while dynamic loading
 06-01-2024 22:48:43:689 [pid=30565 tid=30565] ERROR  cufio_core:1074 cuFile initialization failed
 06-01-2024 22:49:13:875 [pid=1544 tid=1544] ERROR  cufio-cuda:159 unable to load, symbol  cuStreamWaitValue32_v2 

 06-01-2024 22:49:13:876 [pid=1544 tid=1544] ERROR  cufio_core:934 missing cuda symbols while dynamic loading
 06-01-2024 22:49:13:876 [pid=1544 tid=1544] ERROR  cufio_core:1074 cuFile initialization failed
 06-01-2024 22:50:10:38 [pid=2530 tid=2530] ERROR  cufio-cuda:159 unable to load, symbol  cuStreamWaitValue32_v2 

 06-01-2024 22:50:10:39 [pid=2530 tid=2530] ERROR  cufio_core:934 missing cuda symbols while dynamic loading
 06-01-2024 22:50:10:39 [pid=2530 tid=2530] ERROR  cufio_core:1074 cuFile initialization failed
 06-01-2024 22:53:25:327 [pid=18368 tid=18368] ERROR  cufio-cuda:159 unable to load, symbol  cuStreamWaitValue32_v2 

 06-01-2024 22:53:25:328 [pid=18368 tid=18368] ERROR  cufio_core:934 missing cuda symbols while dynamic loading
 06-01-2024 22:53:25:328 [pid=18368 tid=18368] ERROR  cufio_core:1074 cuFile initialization failed
 25-01-2024 17:09:07:587 [pid=56529 tid=56529] ERROR  cufio-cuda:159 unable to load, symbol  cuStreamWaitValue32_v2 

 25-01-2024 17:09:07:594 [pid=56529 tid=56529] ERROR  cufio_core:934 missing cuda symbols while dynamic loading
 25-01-2024 17:09:07:594 [pid=56529 tid=56529] ERROR  cufio_core:1074 cuFile initialization failed
 25-01-2024 17:10:21:475 [pid=53859 tid=53859] ERROR  cufio-cuda:159 unable to load, symbol  cuStreamWaitValue32_v2 

 25-01-2024 17:10:21:476 [pid=53859 tid=53859] ERROR  cufio_core:934 missing cuda symbols while dynamic loading
 25-01-2024 17:10:21:476 [pid=53859 tid=53859] ERROR  cufio_core:1074 cuFile initialization failed
 25-01-2024 17:10:28:414 [pid=7001 tid=7001] ERROR  cufio-cuda:159 unable to load, symbol  cuStreamWaitValue32_v2 

 25-01-2024 17:10:28:414 [pid=7001 tid=7001] ERROR  cufio_core:934 missing cuda symbols while dynamic loading
 25-01-2024 17:10:28:414 [pid=7001 tid=7001] ERROR  cufio_core:1074 cuFile initialization failed
 25-01-2024 17:10:38:142 [pid=16015 tid=16015] ERROR  cufio-cuda:159 unable to load, symbol  cuStreamWaitValue32_v2 

 25-01-2024 17:10:38:142 [pid=16015 tid=16015] ERROR  cufio_core:934 missing cuda symbols while dynamic loading
 25-01-2024 17:10:38:142 [pid=16015 tid=16015] ERROR  cufio_core:1074 cuFile initialization failed
 25-01-2024 17:11:03:733 [pid=38565 tid=38565] ERROR  cufio-cuda:159 unable to load, symbol  cuStreamWaitValue32_v2 

 25-01-2024 17:11:03:734 [pid=38565 tid=38565] ERROR  cufio_core:934 missing cuda symbols while dynamic loading
 25-01-2024 17:11:03:734 [pid=38565 tid=38565] ERROR  cufio_core:1074 cuFile initialization failed
 25-01-2024 17:35:13:903 [pid=38119 tid=38119] ERROR  cufio-cuda:159 unable to load, symbol  cuStreamWaitValue32_v2 

 25-01-2024 17:35:13:904 [pid=38119 tid=38119] ERROR  cufio_core:934 missing cuda symbols while dynamic loading
 25-01-2024 17:35:13:904 [pid=38119 tid=38119] ERROR  cufio_core:1074 cuFile initialization failed
 25-01-2024 19:32:07:780 [pid=10813 tid=10813] ERROR  cufio-cuda:159 unable to load, symbol  cuStreamWaitValue32_v2 

 25-01-2024 19:32:07:780 [pid=10813 tid=10813] ERROR  cufio_core:934 missing cuda symbols while dynamic loading
 25-01-2024 19:32:07:780 [pid=10813 tid=10813] ERROR  cufio_core:1074 cuFile initialization failed
 25-01-2024 19:49:40:727 [pid=11445 tid=11445] ERROR  cufio-cuda:159 unable to load, symbol  cuStreamWaitValue32_v2 

 25-01-2024 19:49:40:733 [pid=11445 tid=11445] ERROR  cufio_core:934 missing cuda symbols while dynamic loading
 25-01-2024 19:49:40:734 [pid=11445 tid=11445] ERROR  cufio_core:1074 cuFile initialization failed
 25-01-2024 19:51:17:69 [pid=6503 tid=6503] ERROR  cufio-cuda:159 unable to load, symbol  cuStreamWaitValue32_v2 

 25-01-2024 19:51:17:96 [pid=6503 tid=6503] ERROR  cufio_core:934 missing cuda symbols while dynamic loading
 25-01-2024 19:51:17:96 [pid=6503 tid=6503] ERROR  cufio_core:1074 cuFile initialization failed
 25-01-2024 19:52:12:543 [pid=40059 tid=40059] ERROR  cufio-cuda:159 unable to load, symbol  cuStreamWaitValue32_v2 

 25-01-2024 19:52:12:549 [pid=40059 tid=40059] ERROR  cufio_core:934 missing cuda symbols while dynamic loading
 25-01-2024 19:52:12:549 [pid=40059 tid=40059] ERROR  cufio_core:1074 cuFile initialization failed
 25-01-2024 19:53:34:126 [pid=33529 tid=33529] ERROR  cufio-cuda:159 unable to load, symbol  cuStreamWaitValue32_v2 

 25-01-2024 19:53:34:126 [pid=33529 tid=33529] ERROR  cufio_core:934 missing cuda symbols while dynamic loading
 25-01-2024 19:53:34:127 [pid=33529 tid=33529] ERROR  cufio_core:1074 cuFile initialization failed
 25-01-2024 20:18:43:924 [pid=50106 tid=50106] ERROR  cufio-cuda:159 unable to load, symbol  cuStreamWaitValue32_v2 

 25-01-2024 20:18:43:924 [pid=50106 tid=50106] ERROR  cufio_core:934 missing cuda symbols while dynamic loading
 25-01-2024 20:18:43:925 [pid=50106 tid=50106] ERROR  cufio_core:1074 cuFile initialization failed
 25-01-2024 20:35:34:669 [pid=39051 tid=39051] ERROR  cufio-cuda:159 unable to load, symbol  cuStreamWaitValue32_v2 

 25-01-2024 20:35:34:669 [pid=39051 tid=39051] ERROR  cufio_core:934 missing cuda symbols while dynamic loading
 25-01-2024 20:35:34:669 [pid=39051 tid=39051] ERROR  cufio_core:1074 cuFile initialization failed
 25-01-2024 20:38:17:94 [pid=31238 tid=31238] ERROR  cufio-cuda:159 unable to load, symbol  cuStreamWaitValue32_v2 

 25-01-2024 20:38:17:95 [pid=31238 tid=31238] ERROR  cufio_core:934 missing cuda symbols while dynamic loading
 25-01-2024 20:38:17:95 [pid=31238 tid=31238] ERROR  cufio_core:1074 cuFile initialization failed
 25-01-2024 20:39:22:575 [pid=9310 tid=9310] ERROR  cufio-cuda:159 unable to load, symbol  cuStreamWaitValue32_v2 

 25-01-2024 20:39:22:575 [pid=9310 tid=9310] ERROR  cufio_core:934 missing cuda symbols while dynamic loading
 25-01-2024 20:39:22:575 [pid=9310 tid=9310] ERROR  cufio_core:1074 cuFile initialization failed
 25-01-2024 20:40:37:512 [pid=534 tid=534] ERROR  cufio-cuda:159 unable to load, symbol  cuStreamWaitValue32_v2 

 25-01-2024 20:40:37:512 [pid=534 tid=534] ERROR  cufio_core:934 missing cuda symbols while dynamic loading
 25-01-2024 20:40:37:512 [pid=534 tid=534] ERROR  cufio_core:1074 cuFile initialization failed
 25-01-2024 20:57:33:443 [pid=41471 tid=41471] ERROR  cufio-cuda:159 unable to load, symbol  cuStreamWaitValue32_v2 

 25-01-2024 20:57:33:443 [pid=41471 tid=41471] ERROR  cufio_core:934 missing cuda symbols while dynamic loading
 25-01-2024 20:57:33:443 [pid=41471 tid=41471] ERROR  cufio_core:1074 cuFile initialization failed
 25-01-2024 21:01:10:280 [pid=7200 tid=7200] ERROR  cufio-cuda:159 unable to load, symbol  cuStreamWaitValue32_v2 

 25-01-2024 21:01:10:282 [pid=7200 tid=7200] ERROR  cufio_core:934 missing cuda symbols while dynamic loading
 25-01-2024 21:01:10:282 [pid=7200 tid=7200] ERROR  cufio_core:1074 cuFile initialization failed
 25-01-2024 21:02:31:911 [pid=2294 tid=2294] ERROR  cufio-cuda:159 unable to load, symbol  cuStreamWaitValue32_v2 

 25-01-2024 21:02:31:911 [pid=2294 tid=2294] ERROR  cufio_core:934 missing cuda symbols while dynamic loading
 25-01-2024 21:02:31:912 [pid=2294 tid=2294] ERROR  cufio_core:1074 cuFile initialization failed
 25-01-2024 21:06:22:992 [pid=47018 tid=47018] ERROR  cufio-cuda:159 unable to load, symbol  cuStreamWaitValue32_v2 

 25-01-2024 21:06:22:992 [pid=47018 tid=47018] ERROR  cufio_core:934 missing cuda symbols while dynamic loading
 25-01-2024 21:06:22:992 [pid=47018 tid=47018] ERROR  cufio_core:1074 cuFile initialization failed
 25-01-2024 22:06:24:819 [pid=38645 tid=38645] ERROR  cufio-cuda:159 unable to load, symbol  cuStreamWaitValue32_v2 

 25-01-2024 22:06:24:819 [pid=38645 tid=38645] ERROR  cufio_core:934 missing cuda symbols while dynamic loading
 25-01-2024 22:06:24:819 [pid=38645 tid=38645] ERROR  cufio_core:1074 cuFile initialization failed
 25-01-2024 22:11:42:454 [pid=802 tid=802] ERROR  cufio-cuda:159 unable to load, symbol  cuStreamWaitValue32_v2 

 25-01-2024 22:11:42:492 [pid=802 tid=802] ERROR  cufio_core:934 missing cuda symbols while dynamic loading
 25-01-2024 22:11:42:492 [pid=802 tid=802] ERROR  cufio_core:1074 cuFile initialization failed
 25-01-2024 22:14:06:977 [pid=37500 tid=37500] ERROR  cufio-cuda:159 unable to load, symbol  cuStreamWaitValue32_v2 

 25-01-2024 22:14:06:992 [pid=37500 tid=37500] ERROR  cufio_core:934 missing cuda symbols while dynamic loading
 25-01-2024 22:14:06:992 [pid=37500 tid=37500] ERROR  cufio_core:1074 cuFile initialization failed
 25-01-2024 22:16:10:586 [pid=24285 tid=24285] ERROR  cufio-cuda:159 unable to load, symbol  cuStreamWaitValue32_v2 

 25-01-2024 22:16:10:586 [pid=24285 tid=24285] ERROR  cufio_core:934 missing cuda symbols while dynamic loading
 25-01-2024 22:16:10:586 [pid=24285 tid=24285] ERROR  cufio_core:1074 cuFile initialization failed
 25-01-2024 22:18:23:143 [pid=9336 tid=9336] ERROR  cufio-cuda:159 unable to load, symbol  cuStreamWaitValue32_v2 

 25-01-2024 22:18:23:150 [pid=9336 tid=9336] ERROR  cufio_core:934 missing cuda symbols while dynamic loading
 25-01-2024 22:18:23:151 [pid=9336 tid=9336] ERROR  cufio_core:1074 cuFile initialization failed
 25-01-2024 22:21:30:694 [pid=31146 tid=31146] ERROR  cufio-cuda:159 unable to load, symbol  cuStreamWaitValue32_v2 

 25-01-2024 22:21:30:694 [pid=31146 tid=31146] ERROR  cufio_core:934 missing cuda symbols while dynamic loading
 25-01-2024 22:21:30:695 [pid=31146 tid=31146] ERROR  cufio_core:1074 cuFile initialization failed
 25-01-2024 22:25:53:715 [pid=38605 tid=38605] ERROR  cufio-cuda:159 unable to load, symbol  cuStreamWaitValue32_v2 

 25-01-2024 22:25:53:716 [pid=38605 tid=38605] ERROR  cufio_core:934 missing cuda symbols while dynamic loading
 25-01-2024 22:25:53:716 [pid=38605 tid=38605] ERROR  cufio_core:1074 cuFile initialization failed
 25-01-2024 22:28:04:76 [pid=5862 tid=5862] ERROR  cufio-cuda:159 unable to load, symbol  cuStreamWaitValue32_v2 

 25-01-2024 22:28:04:90 [pid=5862 tid=5862] ERROR  cufio_core:934 missing cuda symbols while dynamic loading
 25-01-2024 22:28:04:91 [pid=5862 tid=5862] ERROR  cufio_core:1074 cuFile initialization failed
 25-01-2024 22:30:12:122 [pid=50542 tid=50542] ERROR  cufio-cuda:159 unable to load, symbol  cuStreamWaitValue32_v2 

 25-01-2024 22:30:12:123 [pid=50542 tid=50542] ERROR  cufio_core:934 missing cuda symbols while dynamic loading
 25-01-2024 22:30:12:124 [pid=50542 tid=50542] ERROR  cufio_core:1074 cuFile initialization failed
 25-01-2024 22:32:17:819 [pid=24458 tid=24458] ERROR  cufio-cuda:159 unable to load, symbol  cuStreamWaitValue32_v2 

 25-01-2024 22:32:17:829 [pid=24458 tid=24458] ERROR  cufio_core:934 missing cuda symbols while dynamic loading
 25-01-2024 22:32:17:830 [pid=24458 tid=24458] ERROR  cufio_core:1074 cuFile initialization failed
 25-01-2024 22:34:58:982 [pid=29860 tid=29860] ERROR  cufio-cuda:159 unable to load, symbol  cuStreamWaitValue32_v2 

 25-01-2024 22:34:58:983 [pid=29860 tid=29860] ERROR  cufio_core:934 missing cuda symbols while dynamic loading
 25-01-2024 22:34:58:983 [pid=29860 tid=29860] ERROR  cufio_core:1074 cuFile initialization failed
 30-01-2024 17:50:30:425 [pid=57013 tid=57013] ERROR  cufio-cuda:159 unable to load, symbol  cuStreamWaitValue32_v2 

 30-01-2024 17:50:30:431 [pid=57013 tid=57013] ERROR  cufio_core:934 missing cuda symbols while dynamic loading
 30-01-2024 17:50:30:431 [pid=57013 tid=57013] ERROR  cufio_core:1074 cuFile initialization failed
 30-01-2024 19:30:13:818 [pid=21331 tid=21331] ERROR  cufio-cuda:159 unable to load, symbol  cuStreamWaitValue32_v2 

 30-01-2024 19:30:13:818 [pid=21331 tid=21331] ERROR  cufio_core:934 missing cuda symbols while dynamic loading
 30-01-2024 19:30:13:818 [pid=21331 tid=21331] ERROR  cufio_core:1074 cuFile initialization failed
 30-01-2024 19:31:12:320 [pid=26887 tid=26887] ERROR  cufio-cuda:159 unable to load, symbol  cuStreamWaitValue32_v2 

 30-01-2024 19:31:12:320 [pid=26887 tid=26887] ERROR  cufio_core:934 missing cuda symbols while dynamic loading
 30-01-2024 19:31:12:320 [pid=26887 tid=26887] ERROR  cufio_core:1074 cuFile initialization failed
 30-01-2024 19:31:58:932 [pid=28732 tid=28732] ERROR  cufio-cuda:159 unable to load, symbol  cuStreamWaitValue32_v2 

 30-01-2024 19:31:58:932 [pid=28732 tid=28732] ERROR  cufio_core:934 missing cuda symbols while dynamic loading
 30-01-2024 19:31:58:932 [pid=28732 tid=28732] ERROR  cufio_core:1074 cuFile initialization failed
 30-01-2024 19:38:49:181 [pid=40243 tid=40243] ERROR  cufio-cuda:159 unable to load, symbol  cuStreamWaitValue32_v2 

 30-01-2024 19:38:49:181 [pid=40243 tid=40243] ERROR  cufio_core:934 missing cuda symbols while dynamic loading
 30-01-2024 19:38:49:181 [pid=40243 tid=40243] ERROR  cufio_core:1074 cuFile initialization failed
 30-01-2024 19:43:08:896 [pid=31172 tid=31172] ERROR  cufio-cuda:159 unable to load, symbol  cuStreamWaitValue32_v2 

 30-01-2024 19:43:08:897 [pid=31172 tid=31172] ERROR  cufio_core:934 missing cuda symbols while dynamic loading
 30-01-2024 19:43:08:897 [pid=31172 tid=31172] ERROR  cufio_core:1074 cuFile initialization failed
 30-01-2024 19:45:31:31 [pid=14192 tid=14192] ERROR  cufio-cuda:159 unable to load, symbol  cuStreamWaitValue32_v2 

 30-01-2024 19:45:31:31 [pid=14192 tid=14192] ERROR  cufio_core:934 missing cuda symbols while dynamic loading
 30-01-2024 19:45:31:31 [pid=14192 tid=14192] ERROR  cufio_core:1074 cuFile initialization failed
 30-01-2024 20:10:42:227 [pid=20388 tid=20388] ERROR  cufio-cuda:159 unable to load, symbol  cuStreamWaitValue32_v2 

 30-01-2024 20:10:42:227 [pid=20388 tid=20388] ERROR  cufio_core:934 missing cuda symbols while dynamic loading
 30-01-2024 20:10:42:227 [pid=20388 tid=20388] ERROR  cufio_core:1074 cuFile initialization failed
 30-01-2024 20:11:32:974 [pid=24635 tid=24635] ERROR  cufio-cuda:159 unable to load, symbol  cuStreamWaitValue32_v2 

 30-01-2024 20:11:32:974 [pid=24635 tid=24635] ERROR  cufio_core:934 missing cuda symbols while dynamic loading
 30-01-2024 20:11:32:974 [pid=24635 tid=24635] ERROR  cufio_core:1074 cuFile initialization failed
 30-01-2024 20:11:59:261 [pid=54525 tid=54525] ERROR  cufio-cuda:159 unable to load, symbol  cuStreamWaitValue32_v2 

 30-01-2024 20:11:59:261 [pid=54525 tid=54525] ERROR  cufio_core:934 missing cuda symbols while dynamic loading
 30-01-2024 20:11:59:261 [pid=54525 tid=54525] ERROR  cufio_core:1074 cuFile initialization failed
 30-01-2024 20:27:44:795 [pid=53113 tid=53113] ERROR  cufio-cuda:159 unable to load, symbol  cuStreamWaitValue32_v2 

 30-01-2024 20:27:44:795 [pid=53113 tid=53113] ERROR  cufio_core:934 missing cuda symbols while dynamic loading
 30-01-2024 20:27:44:795 [pid=53113 tid=53113] ERROR  cufio_core:1074 cuFile initialization failed
 30-01-2024 20:28:22:354 [pid=28229 tid=28229] ERROR  cufio-cuda:159 unable to load, symbol  cuStreamWaitValue32_v2 

 30-01-2024 20:28:22:354 [pid=28229 tid=28229] ERROR  cufio_core:934 missing cuda symbols while dynamic loading
 30-01-2024 20:28:22:354 [pid=28229 tid=28229] ERROR  cufio_core:1074 cuFile initialization failed
 30-01-2024 20:31:53:548 [pid=14449 tid=14449] ERROR  cufio-cuda:159 unable to load, symbol  cuStreamWaitValue32_v2 

 30-01-2024 20:31:53:548 [pid=14449 tid=14449] ERROR  cufio_core:934 missing cuda symbols while dynamic loading
 30-01-2024 20:31:53:548 [pid=14449 tid=14449] ERROR  cufio_core:1074 cuFile initialization failed
 30-01-2024 20:39:16:139 [pid=34894 tid=34894] ERROR  cufio-cuda:159 unable to load, symbol  cuStreamWaitValue32_v2 

 30-01-2024 20:39:16:139 [pid=34894 tid=34894] ERROR  cufio_core:934 missing cuda symbols while dynamic loading
 30-01-2024 20:39:16:139 [pid=34894 tid=34894] ERROR  cufio_core:1074 cuFile initialization failed
 30-01-2024 20:40:05:46 [pid=52820 tid=52820] ERROR  cufio-cuda:159 unable to load, symbol  cuStreamWaitValue32_v2 

 30-01-2024 20:40:05:46 [pid=52820 tid=52820] ERROR  cufio_core:934 missing cuda symbols while dynamic loading
 30-01-2024 20:40:05:47 [pid=52820 tid=52820] ERROR  cufio_core:1074 cuFile initialization failed
 30-01-2024 20:44:16:978 [pid=21938 tid=21938] ERROR  cufio-cuda:159 unable to load, symbol  cuStreamWaitValue32_v2 

 30-01-2024 20:44:16:979 [pid=21938 tid=21938] ERROR  cufio_core:934 missing cuda symbols while dynamic loading
 30-01-2024 20:44:16:979 [pid=21938 tid=21938] ERROR  cufio_core:1074 cuFile initialization failed
 30-01-2024 20:44:50:878 [pid=11392 tid=11392] ERROR  cufio-cuda:159 unable to load, symbol  cuStreamWaitValue32_v2 

 30-01-2024 20:44:50:878 [pid=11392 tid=11392] ERROR  cufio_core:934 missing cuda symbols while dynamic loading
 30-01-2024 20:44:50:879 [pid=11392 tid=11392] ERROR  cufio_core:1074 cuFile initialization failed
 30-01-2024 20:46:19:749 [pid=13320 tid=13320] ERROR  cufio-cuda:159 unable to load, symbol  cuStreamWaitValue32_v2 

 30-01-2024 20:46:19:750 [pid=13320 tid=13320] ERROR  cufio_core:934 missing cuda symbols while dynamic loading
 30-01-2024 20:46:19:750 [pid=13320 tid=13320] ERROR  cufio_core:1074 cuFile initialization failed
 30-01-2024 21:11:46:72 [pid=6073 tid=6073] ERROR  cufio-cuda:159 unable to load, symbol  cuStreamWaitValue32_v2 

 30-01-2024 21:11:46:72 [pid=6073 tid=6073] ERROR  cufio_core:934 missing cuda symbols while dynamic loading
 30-01-2024 21:11:46:72 [pid=6073 tid=6073] ERROR  cufio_core:1074 cuFile initialization failed
 30-01-2024 21:13:58:506 [pid=56630 tid=56630] ERROR  cufio-cuda:159 unable to load, symbol  cuStreamWaitValue32_v2 

 30-01-2024 21:13:58:507 [pid=56630 tid=56630] ERROR  cufio_core:934 missing cuda symbols while dynamic loading
 30-01-2024 21:13:58:507 [pid=56630 tid=56630] ERROR  cufio_core:1074 cuFile initialization failed
 30-01-2024 21:17:25:576 [pid=612 tid=612] ERROR  cufio-cuda:159 unable to load, symbol  cuStreamWaitValue32_v2 

 30-01-2024 21:17:25:577 [pid=612 tid=612] ERROR  cufio_core:934 missing cuda symbols while dynamic loading
 30-01-2024 21:17:25:577 [pid=612 tid=612] ERROR  cufio_core:1074 cuFile initialization failed
 30-01-2024 21:42:17:45 [pid=4407 tid=4407] ERROR  cufio-cuda:159 unable to load, symbol  cuStreamWaitValue32_v2 

 30-01-2024 21:42:17:45 [pid=4407 tid=4407] ERROR  cufio_core:934 missing cuda symbols while dynamic loading
 30-01-2024 21:42:17:45 [pid=4407 tid=4407] ERROR  cufio_core:1074 cuFile initialization failed
 30-01-2024 21:43:22:400 [pid=930 tid=930] ERROR  cufio-cuda:159 unable to load, symbol  cuStreamWaitValue32_v2 

 30-01-2024 21:43:22:400 [pid=930 tid=930] ERROR  cufio_core:934 missing cuda symbols while dynamic loading
 30-01-2024 21:43:22:401 [pid=930 tid=930] ERROR  cufio_core:1074 cuFile initialization failed
 30-01-2024 21:43:45:615 [pid=18668 tid=18668] ERROR  cufio-cuda:159 unable to load, symbol  cuStreamWaitValue32_v2 

 30-01-2024 21:43:45:615 [pid=18668 tid=18668] ERROR  cufio_core:934 missing cuda symbols while dynamic loading
 30-01-2024 21:43:45:615 [pid=18668 tid=18668] ERROR  cufio_core:1074 cuFile initialization failed
 30-01-2024 21:44:36:455 [pid=2901 tid=2901] ERROR  cufio-cuda:159 unable to load, symbol  cuStreamWaitValue32_v2 

 30-01-2024 21:44:36:455 [pid=2901 tid=2901] ERROR  cufio_core:934 missing cuda symbols while dynamic loading
 30-01-2024 21:44:36:456 [pid=2901 tid=2901] ERROR  cufio_core:1074 cuFile initialization failed
 30-01-2024 21:45:12:996 [pid=39452 tid=39452] ERROR  cufio-cuda:159 unable to load, symbol  cuStreamWaitValue32_v2 

 30-01-2024 21:45:12:996 [pid=39452 tid=39452] ERROR  cufio_core:934 missing cuda symbols while dynamic loading
 30-01-2024 21:45:12:996 [pid=39452 tid=39452] ERROR  cufio_core:1074 cuFile initialization failed
 30-01-2024 21:46:05:238 [pid=30169 tid=30169] ERROR  cufio-cuda:159 unable to load, symbol  cuStreamWaitValue32_v2 

 30-01-2024 21:46:05:238 [pid=30169 tid=30169] ERROR  cufio_core:934 missing cuda symbols while dynamic loading
 30-01-2024 21:46:05:238 [pid=30169 tid=30169] ERROR  cufio_core:1074 cuFile initialization failed
 30-01-2024 22:18:51:641 [pid=22730 tid=22730] ERROR  cufio-cuda:159 unable to load, symbol  cuStreamWaitValue32_v2 

 30-01-2024 22:18:51:641 [pid=22730 tid=22730] ERROR  cufio_core:934 missing cuda symbols while dynamic loading
 30-01-2024 22:18:51:641 [pid=22730 tid=22730] ERROR  cufio_core:1074 cuFile initialization failed
 30-01-2024 22:55:06:219 [pid=42512 tid=42512] ERROR  cufio-cuda:159 unable to load, symbol  cuStreamWaitValue32_v2 

 30-01-2024 22:55:06:219 [pid=42512 tid=42512] ERROR  cufio_core:934 missing cuda symbols while dynamic loading
 30-01-2024 22:55:06:219 [pid=42512 tid=42512] ERROR  cufio_core:1074 cuFile initialization failed
 31-01-2024 17:32:07:859 [pid=54773 tid=54773] ERROR  cufio-cuda:159 unable to load, symbol  cuStreamWaitValue32_v2 

 31-01-2024 17:32:07:859 [pid=54773 tid=54773] ERROR  cufio_core:934 missing cuda symbols while dynamic loading
 31-01-2024 17:32:07:859 [pid=54773 tid=54773] ERROR  cufio_core:1074 cuFile initialization failed
 31-01-2024 17:50:17:956 [pid=15280 tid=15280] ERROR  cufio-cuda:159 unable to load, symbol  cuStreamWaitValue32_v2 

 31-01-2024 17:50:17:957 [pid=15280 tid=15280] ERROR  cufio_core:934 missing cuda symbols while dynamic loading
 31-01-2024 17:50:17:957 [pid=15280 tid=15280] ERROR  cufio_core:1074 cuFile initialization failed
 31-01-2024 18:57:55:802 [pid=5811 tid=5811] ERROR  cufio-cuda:159 unable to load, symbol  cuStreamWaitValue32_v2 

 31-01-2024 18:57:55:802 [pid=5811 tid=5811] ERROR  cufio_core:934 missing cuda symbols while dynamic loading
 31-01-2024 18:57:55:802 [pid=5811 tid=5811] ERROR  cufio_core:1074 cuFile initialization failed
 31-01-2024 19:00:00:379 [pid=38599 tid=38599] ERROR  cufio-cuda:159 unable to load, symbol  cuStreamWaitValue32_v2 

 31-01-2024 19:00:00:380 [pid=38599 tid=38599] ERROR  cufio_core:934 missing cuda symbols while dynamic loading
 31-01-2024 19:00:00:380 [pid=38599 tid=38599] ERROR  cufio_core:1074 cuFile initialization failed
 31-01-2024 19:11:20:350 [pid=25370 tid=25370] ERROR  cufio-cuda:159 unable to load, symbol  cuStreamWaitValue32_v2 

 31-01-2024 19:11:20:350 [pid=25370 tid=25370] ERROR  cufio_core:934 missing cuda symbols while dynamic loading
 31-01-2024 19:11:20:350 [pid=25370 tid=25370] ERROR  cufio_core:1074 cuFile initialization failed
 31-01-2024 19:12:47:217 [pid=24863 tid=24863] ERROR  cufio-cuda:159 unable to load, symbol  cuStreamWaitValue32_v2 

 31-01-2024 19:12:47:217 [pid=24863 tid=24863] ERROR  cufio_core:934 missing cuda symbols while dynamic loading
 31-01-2024 19:12:47:217 [pid=24863 tid=24863] ERROR  cufio_core:1074 cuFile initialization failed
 31-01-2024 19:15:12:375 [pid=15544 tid=15544] ERROR  cufio-cuda:159 unable to load, symbol  cuStreamWaitValue32_v2 

 31-01-2024 19:15:12:375 [pid=15544 tid=15544] ERROR  cufio_core:934 missing cuda symbols while dynamic loading
 31-01-2024 19:15:12:375 [pid=15544 tid=15544] ERROR  cufio_core:1074 cuFile initialization failed
 31-01-2024 19:17:53:549 [pid=1890 tid=1890] ERROR  cufio-cuda:159 unable to load, symbol  cuStreamWaitValue32_v2 

 31-01-2024 19:17:53:549 [pid=1890 tid=1890] ERROR  cufio_core:934 missing cuda symbols while dynamic loading
 31-01-2024 19:17:53:549 [pid=1890 tid=1890] ERROR  cufio_core:1074 cuFile initialization failed
 31-01-2024 19:20:28:481 [pid=2668 tid=2668] ERROR  cufio-cuda:159 unable to load, symbol  cuStreamWaitValue32_v2 

 31-01-2024 19:20:28:481 [pid=2668 tid=2668] ERROR  cufio_core:934 missing cuda symbols while dynamic loading
 31-01-2024 19:20:28:481 [pid=2668 tid=2668] ERROR  cufio_core:1074 cuFile initialization failed
 31-01-2024 19:22:06:251 [pid=15420 tid=15420] ERROR  cufio-cuda:159 unable to load, symbol  cuStreamWaitValue32_v2 

 31-01-2024 19:22:06:251 [pid=15420 tid=15420] ERROR  cufio_core:934 missing cuda symbols while dynamic loading
 31-01-2024 19:22:06:251 [pid=15420 tid=15420] ERROR  cufio_core:1074 cuFile initialization failed
 31-01-2024 19:22:29:768 [pid=41315 tid=41315] ERROR  cufio-cuda:159 unable to load, symbol  cuStreamWaitValue32_v2 

 31-01-2024 19:22:29:768 [pid=41315 tid=41315] ERROR  cufio_core:934 missing cuda symbols while dynamic loading
 31-01-2024 19:22:29:768 [pid=41315 tid=41315] ERROR  cufio_core:1074 cuFile initialization failed
 31-01-2024 19:24:27:642 [pid=55045 tid=55045] ERROR  cufio-cuda:159 unable to load, symbol  cuStreamWaitValue32_v2 

 31-01-2024 19:24:27:642 [pid=55045 tid=55045] ERROR  cufio_core:934 missing cuda symbols while dynamic loading
 31-01-2024 19:24:27:642 [pid=55045 tid=55045] ERROR  cufio_core:1074 cuFile initialization failed
 31-01-2024 19:28:48:744 [pid=18755 tid=18755] ERROR  cufio-cuda:159 unable to load, symbol  cuStreamWaitValue32_v2 

 31-01-2024 19:28:48:744 [pid=18755 tid=18755] ERROR  cufio_core:934 missing cuda symbols while dynamic loading
 31-01-2024 19:28:48:744 [pid=18755 tid=18755] ERROR  cufio_core:1074 cuFile initialization failed
 31-01-2024 19:33:58:743 [pid=55833 tid=55833] ERROR  cufio-cuda:159 unable to load, symbol  cuStreamWaitValue32_v2 

 31-01-2024 19:33:58:743 [pid=55833 tid=55833] ERROR  cufio_core:934 missing cuda symbols while dynamic loading
 31-01-2024 19:33:58:743 [pid=55833 tid=55833] ERROR  cufio_core:1074 cuFile initialization failed
 31-01-2024 19:36:00:946 [pid=5623 tid=5623] ERROR  cufio-cuda:159 unable to load, symbol  cuStreamWaitValue32_v2 

 31-01-2024 19:36:00:946 [pid=5623 tid=5623] ERROR  cufio_core:934 missing cuda symbols while dynamic loading
 31-01-2024 19:36:00:946 [pid=5623 tid=5623] ERROR  cufio_core:1074 cuFile initialization failed
 31-01-2024 19:38:51:323 [pid=45482 tid=45482] ERROR  cufio-cuda:159 unable to load, symbol  cuStreamWaitValue32_v2 

 31-01-2024 19:38:51:323 [pid=45482 tid=45482] ERROR  cufio_core:934 missing cuda symbols while dynamic loading
 31-01-2024 19:38:51:323 [pid=45482 tid=45482] ERROR  cufio_core:1074 cuFile initialization failed
 31-01-2024 20:07:48:23 [pid=1365 tid=1365] ERROR  cufio-cuda:159 unable to load, symbol  cuStreamWaitValue32_v2 

 31-01-2024 20:07:48:23 [pid=1365 tid=1365] ERROR  cufio_core:934 missing cuda symbols while dynamic loading
 31-01-2024 20:07:48:23 [pid=1365 tid=1365] ERROR  cufio_core:1074 cuFile initialization failed
 31-01-2024 20:09:23:433 [pid=40103 tid=40103] ERROR  cufio-cuda:159 unable to load, symbol  cuStreamWaitValue32_v2 

 31-01-2024 20:09:23:434 [pid=40103 tid=40103] ERROR  cufio_core:934 missing cuda symbols while dynamic loading
 31-01-2024 20:09:23:434 [pid=40103 tid=40103] ERROR  cufio_core:1074 cuFile initialization failed
 31-01-2024 20:10:19:830 [pid=44250 tid=44250] ERROR  cufio-cuda:159 unable to load, symbol  cuStreamWaitValue32_v2 

 31-01-2024 20:10:19:830 [pid=44250 tid=44250] ERROR  cufio_core:934 missing cuda symbols while dynamic loading
 31-01-2024 20:10:19:831 [pid=44250 tid=44250] ERROR  cufio_core:1074 cuFile initialization failed
 31-01-2024 20:11:33:919 [pid=14872 tid=14872] ERROR  cufio-cuda:159 unable to load, symbol  cuStreamWaitValue32_v2 

 31-01-2024 20:11:33:919 [pid=14872 tid=14872] ERROR  cufio_core:934 missing cuda symbols while dynamic loading
 31-01-2024 20:11:33:919 [pid=14872 tid=14872] ERROR  cufio_core:1074 cuFile initialization failed
 31-01-2024 20:13:53:354 [pid=48329 tid=48329] ERROR  cufio-cuda:159 unable to load, symbol  cuStreamWaitValue32_v2 

 31-01-2024 20:13:53:354 [pid=48329 tid=48329] ERROR  cufio_core:934 missing cuda symbols while dynamic loading
 31-01-2024 20:13:53:354 [pid=48329 tid=48329] ERROR  cufio_core:1074 cuFile initialization failed
 31-01-2024 20:32:22:170 [pid=46163 tid=46163] ERROR  cufio-cuda:159 unable to load, symbol  cuStreamWaitValue32_v2 

 31-01-2024 20:32:22:170 [pid=46163 tid=46163] ERROR  cufio_core:934 missing cuda symbols while dynamic loading
 31-01-2024 20:32:22:170 [pid=46163 tid=46163] ERROR  cufio_core:1074 cuFile initialization failed
 31-01-2024 20:34:56:808 [pid=13379 tid=13379] ERROR  cufio-cuda:159 unable to load, symbol  cuStreamWaitValue32_v2 

 31-01-2024 20:34:56:808 [pid=13379 tid=13379] ERROR  cufio_core:934 missing cuda symbols while dynamic loading
 31-01-2024 20:34:56:808 [pid=13379 tid=13379] ERROR  cufio_core:1074 cuFile initialization failed
 31-01-2024 20:35:32:898 [pid=42348 tid=42348] ERROR  cufio-cuda:159 unable to load, symbol  cuStreamWaitValue32_v2 

 31-01-2024 20:35:32:898 [pid=42348 tid=42348] ERROR  cufio_core:934 missing cuda symbols while dynamic loading
 31-01-2024 20:35:32:898 [pid=42348 tid=42348] ERROR  cufio_core:1074 cuFile initialization failed
 31-01-2024 20:49:00:974 [pid=20086 tid=20086] ERROR  cufio-cuda:159 unable to load, symbol  cuStreamWaitValue32_v2 

 31-01-2024 20:49:00:974 [pid=20086 tid=20086] ERROR  cufio_core:934 missing cuda symbols while dynamic loading
 31-01-2024 20:49:00:974 [pid=20086 tid=20086] ERROR  cufio_core:1074 cuFile initialization failed
 31-01-2024 21:01:38:358 [pid=51875 tid=51875] ERROR  cufio-cuda:159 unable to load, symbol  cuStreamWaitValue32_v2 

 31-01-2024 21:01:38:358 [pid=51875 tid=51875] ERROR  cufio_core:934 missing cuda symbols while dynamic loading
 31-01-2024 21:01:38:358 [pid=51875 tid=51875] ERROR  cufio_core:1074 cuFile initialization failed
 31-01-2024 21:21:19:879 [pid=49967 tid=49967] ERROR  cufio-cuda:159 unable to load, symbol  cuStreamWaitValue32_v2 

 31-01-2024 21:21:19:879 [pid=49967 tid=49967] ERROR  cufio_core:934 missing cuda symbols while dynamic loading
 31-01-2024 21:21:19:879 [pid=49967 tid=49967] ERROR  cufio_core:1074 cuFile initialization failed
 31-01-2024 22:25:31:623 [pid=36372 tid=36372] ERROR  cufio-cuda:159 unable to load, symbol  cuStreamWaitValue32_v2 

 31-01-2024 22:25:31:623 [pid=36372 tid=36372] ERROR  cufio_core:934 missing cuda symbols while dynamic loading
 31-01-2024 22:25:31:623 [pid=36372 tid=36372] ERROR  cufio_core:1074 cuFile initialization failed
 01-02-2024 20:46:10:89 [pid=28710 tid=28710] ERROR  cufio-cuda:159 unable to load, symbol  cuStreamWaitValue32_v2 

 01-02-2024 20:46:10:96 [pid=28710 tid=28710] ERROR  cufio_core:934 missing cuda symbols while dynamic loading
 01-02-2024 20:46:10:96 [pid=28710 tid=28710] ERROR  cufio_core:1074 cuFile initialization failed
 02-02-2024 15:59:49:272 [pid=56225 tid=56225] ERROR  cufio-cuda:159 unable to load, symbol  cuStreamWaitValue32_v2 

 02-02-2024 15:59:49:272 [pid=56225 tid=56225] ERROR  cufio_core:934 missing cuda symbols while dynamic loading
 02-02-2024 15:59:49:272 [pid=56225 tid=56225] ERROR  cufio_core:1074 cuFile initialization failed
 02-02-2024 16:00:57:813 [pid=31820 tid=31820] ERROR  cufio-cuda:159 unable to load, symbol  cuStreamWaitValue32_v2 

 02-02-2024 16:00:57:814 [pid=31820 tid=31820] ERROR  cufio_core:934 missing cuda symbols while dynamic loading
 02-02-2024 16:00:57:814 [pid=31820 tid=31820] ERROR  cufio_core:1074 cuFile initialization failed
 02-02-2024 17:13:33:783 [pid=20872 tid=20872] ERROR  cufio-cuda:159 unable to load, symbol  cuStreamWaitValue32_v2 

 02-02-2024 17:13:33:783 [pid=20872 tid=20872] ERROR  cufio_core:934 missing cuda symbols while dynamic loading
 02-02-2024 17:13:33:783 [pid=20872 tid=20872] ERROR  cufio_core:1074 cuFile initialization failed
 02-02-2024 17:28:15:463 [pid=44123 tid=44123] ERROR  cufio-cuda:159 unable to load, symbol  cuStreamWaitValue32_v2 

 02-02-2024 17:28:15:463 [pid=44123 tid=44123] ERROR  cufio_core:934 missing cuda symbols while dynamic loading
 02-02-2024 17:28:15:463 [pid=44123 tid=44123] ERROR  cufio_core:1074 cuFile initialization failed
